Using pre-set license
Built from '2020.3/staging' branch; Version is '2020.3.32f1 (12f8b0834f07) revision 1243312'; Using compiler version '192528614'; Build Type 'Release'
OS: 'Windows 10  (10.0.19043) 64bit Professional' Language: 'ko' Physical Memory: 16221 MB
BatchMode: 1, IsHumanControllingUs: 0, StartBugReporterOnCrash: 0, Is64bit: 1, IsPro: 0

COMMAND LINE ARGUMENTS:
C:\Program Files\Unity\Hub\Editor\2020.3.32f1\Editor\Unity.exe
-adb2
-batchMode
-noUpm
-name
AssetImportWorker0
-projectPath
D:/etc/DrawMe/DrawMe
-logFile
Logs/AssetImportWorker0.log
-srvPort
52147
Successfully changed project path to: D:/etc/DrawMe/DrawMe
D:/etc/DrawMe/DrawMe
Using Asset Import Pipeline V2.
Refreshing native plugins compatible for Editor in 30.54 ms, found 3 plugins.
Preloading 0 native plugins for Editor in 0.00 ms.
Initialize engine version: 2020.3.32f1 (12f8b0834f07)
[Subsystems] Discovering subsystems at path C:/Program Files/Unity/Hub/Editor/2020.3.32f1/Editor/Data/Resources/UnitySubsystems
[Subsystems] Discovering subsystems at path D:/etc/DrawMe/DrawMe/Assets
GfxDevice: creating device client; threaded=0
Direct3D:
    Version:  Direct3D 11.0 [level 11.1]
    Renderer: NVIDIA GeForce RTX 2060 (ID=0x1f08)
    Vendor:   
    VRAM:     5980 MB
    Driver:   30.0.15.1165
Initialize mono
Mono path[0] = 'C:/Program Files/Unity/Hub/Editor/2020.3.32f1/Editor/Data/Managed'
Mono path[1] = 'C:/Program Files/Unity/Hub/Editor/2020.3.32f1/Editor/Data/MonoBleedingEdge/lib/mono/unityjit'
Mono config path = 'C:/Program Files/Unity/Hub/Editor/2020.3.32f1/Editor/Data/MonoBleedingEdge/etc'
Using monoOptions --debugger-agent=transport=dt_socket,embedding=1,server=y,suspend=n,address=127.0.0.1:56500
Begin MonoManager ReloadAssembly
Registering precompiled unity dll's ...
Register platform support module: C:/Program Files/Unity/Hub/Editor/2020.3.32f1/Editor/Data/PlaybackEngines/WebGLSupport/UnityEditor.WebGL.Extensions.dll
Register platform support module: C:/Program Files/Unity/Hub/Editor/2020.3.32f1/Editor/Data/PlaybackEngines/WindowsStandaloneSupport/UnityEditor.WindowsStandalone.Extensions.dll
Registered in 0.003147 seconds.
Native extension for WindowsStandalone target not found
Native extension for WebGL target not found
Refreshing native plugins compatible for Editor in 29.06 ms, found 3 plugins.
Preloading 0 native plugins for Editor in 0.00 ms.
Mono: successfully reloaded assembly
- Completed reload, in  0.411 seconds
Domain Reload Profiling:
	ReloadAssembly (411ms)
		BeginReloadAssembly (62ms)
			ExecutionOrderSort (0ms)
			DisableScriptedObjects (0ms)
			BackupInstance (0ms)
			ReleaseScriptingObjects (0ms)
			CreateAndSetChildDomain (1ms)
		EndReloadAssembly (295ms)
			LoadAssemblies (59ms)
			RebuildTransferFunctionScriptingTraits (0ms)
			SetupTypeCache (90ms)
			ReleaseScriptCaches (0ms)
			RebuildScriptCaches (19ms)
			SetupLoadedEditorAssemblies (112ms)
				LogAssemblyErrors (0ms)
				InitializePlatformSupportModulesInManaged (4ms)
				SetLoadedEditorAssemblies (0ms)
				RefreshPlugins (29ms)
				BeforeProcessingInitializeOnLoad (10ms)
				ProcessInitializeOnLoadAttributes (51ms)
				ProcessInitializeOnLoadMethodAttributes (18ms)
				AfterProcessingInitializeOnLoad (0ms)
				EditorAssembliesLoaded (0ms)
			ExecutionOrderSort2 (0ms)
			AwakeInstancesAfterBackupRestoration (0ms)
Platform modules already initialized, skipping
Registering precompiled user dll's ...
Registered in 0.003750 seconds.
Begin MonoManager ReloadAssembly
Native extension for WindowsStandalone target not found
Native extension for WebGL target not found
Refreshing native plugins compatible for Editor in 29.81 ms, found 3 plugins.
Preloading 0 native plugins for Editor in 0.00 ms.
Mono: successfully reloaded assembly
- Completed reload, in  0.743 seconds
Domain Reload Profiling:
	ReloadAssembly (744ms)
		BeginReloadAssembly (112ms)
			ExecutionOrderSort (0ms)
			DisableScriptedObjects (3ms)
			BackupInstance (0ms)
			ReleaseScriptingObjects (0ms)
			CreateAndSetChildDomain (12ms)
		EndReloadAssembly (587ms)
			LoadAssemblies (85ms)
			RebuildTransferFunctionScriptingTraits (0ms)
			SetupTypeCache (183ms)
			ReleaseScriptCaches (0ms)
			RebuildScriptCaches (29ms)
			SetupLoadedEditorAssemblies (235ms)
				LogAssemblyErrors (0ms)
				InitializePlatformSupportModulesInManaged (3ms)
				SetLoadedEditorAssemblies (0ms)
				RefreshPlugins (30ms)
				BeforeProcessingInitializeOnLoad (59ms)
				ProcessInitializeOnLoadAttributes (122ms)
				ProcessInitializeOnLoadMethodAttributes (12ms)
				AfterProcessingInitializeOnLoad (9ms)
				EditorAssembliesLoaded (0ms)
			ExecutionOrderSort2 (0ms)
			AwakeInstancesAfterBackupRestoration (4ms)
Platform modules already initialized, skipping
========================================================================
Worker process is ready to serve import requests
Launched and connected shader compiler UnityShaderCompiler.exe after 0.03 seconds
Refreshing native plugins compatible for Editor in 0.33 ms, found 3 plugins.
Preloading 0 native plugins for Editor in 0.00 ms.
Unloading 2216 Unused Serialized files (Serialized files now loaded: 0)
System memory in use before: 110.6 MB.
System memory in use after: 110.7 MB.

Unloading 25 unused Assets to reduce memory usage. Loaded Objects now: 2672.
Total: 1.910000 ms (FindLiveObjects: 0.119100 ms CreateObjectMapping: 0.045900 ms MarkObjects: 1.726700 ms  DeleteObjects: 0.017700 ms)

AssetImportParameters requested are different than current active one (requested -> active):
  custom:framework-win-MediaFoundation: 216162199b28c13a410421893ffa2e32 -> 
  custom:video-decoder-ogg-theora: a1e56fd34408186e4bbccfd4996cb3dc -> 
  custom:container-muxer-webm: aa71ff27fc2769a1b78a27578f13a17b -> 
  custom:container-demuxer-webm: 4f35f7cbe854078d1ac9338744f61a02 -> 
  custom:container-demuxer-ogg: 62fdf1f143b41e24485cea50d1cbac27 -> 
  custom:video-encoder-webm-vp8: eb34c28f22e8b96e1ab97ce403110664 -> 
  custom:video-decoder-webm-vp8: 9c59270c3fd7afecdb556c50c9e8de78 -> 
  custom:audio-decoder-ogg-vorbis: bf7c407c2cedff20999df2af8eb42d56 -> 
  custom:audio-encoder-webm-vorbis: bf7c407c2cedff20999df2af8eb42d56 -> 
========================================================================
Received Import Request.
  path: Assets/ScreenShots
  artifactKey: Guid(2e56f650a9353654595ba7aea8e35815) Importer(815301076,1909f56bfc062723c751e8b465ee728b)
Start importing Assets/ScreenShots using Guid(2e56f650a9353654595ba7aea8e35815) Importer(815301076,1909f56bfc062723c751e8b465ee728b)  -> (artifact id: '125a89faeb90311a7d07eee69781b717') in 0.009626 seconds 
========================================================================
Received Import Request.
  Time since last request: 0.000318 seconds.
  path: Assets/Resources
  artifactKey: Guid(9fecb29ccf574e74da1f4946b5caa65e) Importer(815301076,1909f56bfc062723c751e8b465ee728b)
Start importing Assets/Resources using Guid(9fecb29ccf574e74da1f4946b5caa65e) Importer(815301076,1909f56bfc062723c751e8b465ee728b)  -> (artifact id: '4fa370ce04e0c545f893605bcd690699') in 0.001814 seconds 
========================================================================
Received Import Request.
  Time since last request: 0.034637 seconds.
  path: Assets/Scenes/SceneTitleMenu.unity
  artifactKey: Guid(3f071a3272865f5409b97ca19eeb614a) Importer(815301076,1909f56bfc062723c751e8b465ee728b)
Start importing Assets/Scenes/SceneTitleMenu.unity using Guid(3f071a3272865f5409b97ca19eeb614a) Importer(815301076,1909f56bfc062723c751e8b465ee728b)  -> (artifact id: 'b19a7d3d87ab927abaaa83d838137ee4') in 0.003277 seconds 
========================================================================
Received Import Request.
  Time since last request: 0.403807 seconds.
  path: Assets/Scenes/SceneStory.unity
  artifactKey: Guid(1f3b9e8fbfde52747a5d4786a5118e6a) Importer(815301076,1909f56bfc062723c751e8b465ee728b)
Start importing Assets/Scenes/SceneStory.unity using Guid(1f3b9e8fbfde52747a5d4786a5118e6a) Importer(815301076,1909f56bfc062723c751e8b465ee728b)  -> (artifact id: '7b89df67df50bc877ac7290b5357bdff') in 0.003160 seconds 
========================================================================
Received Import Request.
  Time since last request: 0.622193 seconds.
  path: Assets/Scenes/SceneHowToPlay.unity
  artifactKey: Guid(1ac919b34b398e740aa7c8aa8abf4216) Importer(815301076,1909f56bfc062723c751e8b465ee728b)
Start importing Assets/Scenes/SceneHowToPlay.unity using Guid(1ac919b34b398e740aa7c8aa8abf4216) Importer(815301076,1909f56bfc062723c751e8b465ee728b)  -> (artifact id: '71d451f7f750dfff6eb4877191dc3271') in 0.002796 seconds 
========================================================================
Received Import Request.
  Time since last request: 1.190102 seconds.
  path: Assets/Scenes/SceneDraw.unity
  artifactKey: Guid(2cda990e2423bbf4892e6590ba056729) Importer(815301076,1909f56bfc062723c751e8b465ee728b)
Start importing Assets/Scenes/SceneDraw.unity using Guid(2cda990e2423bbf4892e6590ba056729) Importer(815301076,1909f56bfc062723c751e8b465ee728b)  -> (artifact id: '0cb88999c0a43493d275e45a75b9152a') in 0.002593 seconds 
========================================================================
Received Import Request.
  Time since last request: 28.631262 seconds.
  path: Assets/Image/box.png
  artifactKey: Guid(ff5e130e75f97dc4d80c6a0fd57f2acc) Importer(815301076,1909f56bfc062723c751e8b465ee728b)
Start importing Assets/Image/box.png using Guid(ff5e130e75f97dc4d80c6a0fd57f2acc) Importer(815301076,1909f56bfc062723c751e8b465ee728b)  -> (artifact id: '1c4adad2d8473b69e9c426fb546f0252') in 0.100581 seconds 
========================================================================
Received Import Request.
  Time since last request: 0.000228 seconds.
  path: Assets/Image/brush.png
  artifactKey: Guid(3d852771885a62b449c2aec337182832) Importer(815301076,1909f56bfc062723c751e8b465ee728b)
Start importing Assets/Image/brush.png using Guid(3d852771885a62b449c2aec337182832) Importer(815301076,1909f56bfc062723c751e8b465ee728b)  -> (artifact id: 'b033bcb3eb34065d71d5497818a8cae3') in 0.015433 seconds 
========================================================================
Received Import Request.
  Time since last request: 0.000229 seconds.
  path: Assets/Image/story-text.png
  artifactKey: Guid(1562fdc492795e44fabb1b2f887ba174) Importer(815301076,1909f56bfc062723c751e8b465ee728b)
Start importing Assets/Image/story-text.png using Guid(1562fdc492795e44fabb1b2f887ba174) Importer(815301076,1909f56bfc062723c751e8b465ee728b)  -> (artifact id: '478b3686ea1a7305f191a55829b9defb') in 0.016663 seconds 
========================================================================
Received Import Request.
  Time since last request: 0.000206 seconds.
  path: Assets/Image/물감3.png
  artifactKey: Guid(df255a9fb0606fc49b525b166d90f683) Importer(815301076,1909f56bfc062723c751e8b465ee728b)
Start importing Assets/Image/물감3.png using Guid(df255a9fb0606fc49b525b166d90f683) Importer(815301076,1909f56bfc062723c751e8b465ee728b)  -> (artifact id: 'f5520a4f26d5b9594a48776ea67a9c08') in 0.014985 seconds 
========================================================================
Received Import Request.
  Time since last request: 0.000214 seconds.
  path: Assets/Image/skip.png
  artifactKey: Guid(df6dd618b5d75e449baaf1ed2550d486) Importer(815301076,1909f56bfc062723c751e8b465ee728b)
Start importing Assets/Image/skip.png using Guid(df6dd618b5d75e449baaf1ed2550d486) Importer(815301076,1909f56bfc062723c751e8b465ee728b)  -> (artifact id: '4d20a1a9a13633f84956c4461a0adaa2') in 0.018380 seconds 
========================================================================
Received Import Request.
  Time since last request: 0.000205 seconds.
  path: Assets/Image/gamestop.png
  artifactKey: Guid(dd171aade027eb040a48e73b6b0e3549) Importer(815301076,1909f56bfc062723c751e8b465ee728b)
Start importing Assets/Image/gamestop.png using Guid(dd171aade027eb040a48e73b6b0e3549) Importer(815301076,1909f56bfc062723c751e8b465ee728b)  -> (artifact id: 'e942466e44a4d4e741b2d5f3d20eac5b') in 0.008943 seconds 
========================================================================
Received Import Request.
  Time since last request: 0.000269 seconds.
  path: Assets/Image/money.png
  artifactKey: Guid(93c62d0a21d1c3240a2b70e6313157b0) Importer(815301076,1909f56bfc062723c751e8b465ee728b)
Start importing Assets/Image/money.png using Guid(93c62d0a21d1c3240a2b70e6313157b0) Importer(815301076,1909f56bfc062723c751e8b465ee728b)  -> (artifact id: '141523ed98dda3c73176c4ff972701da') in 0.010382 seconds 
========================================================================
Received Import Request.
  Time since last request: 0.000190 seconds.
  path: Assets/Image/complete.png
  artifactKey: Guid(375f8e996fa689b4f8b991d9480cde4e) Importer(815301076,1909f56bfc062723c751e8b465ee728b)
Start importing Assets/Image/complete.png using Guid(375f8e996fa689b4f8b991d9480cde4e) Importer(815301076,1909f56bfc062723c751e8b465ee728b)  -> (artifact id: '248ec2d0df5a34521885e92ea51ae853') in 0.009584 seconds 
========================================================================
Received Import Request.
  Time since last request: 0.000217 seconds.
  path: Assets/Image/stop.png
  artifactKey: Guid(68ed21eba913040499553c0166521473) Importer(815301076,1909f56bfc062723c751e8b465ee728b)
Start importing Assets/Image/stop.png using Guid(68ed21eba913040499553c0166521473) Importer(815301076,1909f56bfc062723c751e8b465ee728b)  -> (artifact id: 'e1622a9c679daa1c2f8d4b39287f00b6') in 0.012208 seconds 
========================================================================
Received Import Request.
  Time since last request: 0.000220 seconds.
  path: Assets/Image/icon_money.png
  artifactKey: Guid(5e93b51e5cd8e724fa8ec238041a27a2) Importer(815301076,1909f56bfc062723c751e8b465ee728b)
Start importing Assets/Image/icon_money.png using Guid(5e93b51e5cd8e724fa8ec238041a27a2) Importer(815301076,1909f56bfc062723c751e8b465ee728b)  -> (artifact id: '36a1cfe019cf3f4860b2f6a62e42f755') in 0.010617 seconds 
========================================================================
Received Import Request.
  Time since last request: 0.000195 seconds.
  path: Assets/Image/logo.png
  artifactKey: Guid(a451d9f30915faa48b063a959d22a06f) Importer(815301076,1909f56bfc062723c751e8b465ee728b)
Start importing Assets/Image/logo.png using Guid(a451d9f30915faa48b063a959d22a06f) Importer(815301076,1909f56bfc062723c751e8b465ee728b)  -> (artifact id: '0e7bcdf5a6759ee59e310a158ab00da7') in 0.011720 seconds 
========================================================================
Received Import Request.
  Time since last request: 0.000220 seconds.
  path: Assets/Image/물감1.png
  artifactKey: Guid(6943a60ba625c0941bd0bf61c89d6e13) Importer(815301076,1909f56bfc062723c751e8b465ee728b)
Start importing Assets/Image/물감1.png using Guid(6943a60ba625c0941bd0bf61c89d6e13) Importer(815301076,1909f56bfc062723c751e8b465ee728b)  -> (artifact id: '02f10c95b9ebb3feeda87d45da0a969a') in 0.010288 seconds 
========================================================================
Received Import Request.
  Time since last request: 0.000227 seconds.
  path: Assets/Image/canvas.png
  artifactKey: Guid(990103d7de7ab664dba2d6b92b07a27b) Importer(815301076,1909f56bfc062723c751e8b465ee728b)
Start importing Assets/Image/canvas.png using Guid(990103d7de7ab664dba2d6b92b07a27b) Importer(815301076,1909f56bfc062723c751e8b465ee728b)  -> (artifact id: '918e428382e512d99de13169ca04a606') in 0.011660 seconds 
========================================================================
Received Import Request.
  Time since last request: 0.000250 seconds.
  path: Assets/Image/icon_sun.png
  artifactKey: Guid(c84376e53e9bd9648960e885431510ae) Importer(815301076,1909f56bfc062723c751e8b465ee728b)
Start importing Assets/Image/icon_sun.png using Guid(c84376e53e9bd9648960e885431510ae) Importer(815301076,1909f56bfc062723c751e8b465ee728b)  -> (artifact id: '56529c5e7a8a4457792c2540fb6eb1c7') in 0.011203 seconds 
========================================================================
Received Import Request.
  Time since last request: 0.000250 seconds.
  path: Assets/Image/ok.png
  artifactKey: Guid(55de9e89cde93cd41b4b3c2645fbf446) Importer(815301076,1909f56bfc062723c751e8b465ee728b)
Start importing Assets/Image/ok.png using Guid(55de9e89cde93cd41b4b3c2645fbf446) Importer(815301076,1909f56bfc062723c751e8b465ee728b)  -> (artifact id: 'a3a9d711df64a038ff612fa9110b1ac5') in 0.008912 seconds 
========================================================================
Received Import Request.
  Time since last request: 0.000177 seconds.
  path: Assets/Image/배경1.jpg
  artifactKey: Guid(c9325066e2a1ca843bc6f98248ae05e2) Importer(815301076,1909f56bfc062723c751e8b465ee728b)
Start importing Assets/Image/배경1.jpg using Guid(c9325066e2a1ca843bc6f98248ae05e2) Importer(815301076,1909f56bfc062723c751e8b465ee728b)  -> (artifact id: '947b8698778576162c5e229264b12674') in 0.013327 seconds 
========================================================================
Received Import Request.
  Time since last request: 0.000168 seconds.
  path: Assets/Image/배경3.jpg
  artifactKey: Guid(b3d1df345f839a440b99f7bfd7cef7d7) Importer(815301076,1909f56bfc062723c751e8b465ee728b)
Start importing Assets/Image/배경3.jpg using Guid(b3d1df345f839a440b99f7bfd7cef7d7) Importer(815301076,1909f56bfc062723c751e8b465ee728b)  -> (artifact id: '6b4da2bd85dea3b64787389509d2ac0d') in 0.010925 seconds 
========================================================================
Received Import Request.
  Time since last request: 0.000265 seconds.
  path: Assets/Image/palette.png
  artifactKey: Guid(817b033692101714c8ff5b8670b3c670) Importer(815301076,1909f56bfc062723c751e8b465ee728b)
Start importing Assets/Image/palette.png using Guid(817b033692101714c8ff5b8670b3c670) Importer(815301076,1909f56bfc062723c751e8b465ee728b)  -> (artifact id: '3cd8606816111779812664878faa9e8a') in 0.010145 seconds 
========================================================================
Received Import Request.
  Time since last request: 0.000183 seconds.
  path: Assets/Image/물감2.png
  artifactKey: Guid(b98246b706ce1964ebe0a30ec9290ed7) Importer(815301076,1909f56bfc062723c751e8b465ee728b)
Start importing Assets/Image/물감2.png using Guid(b98246b706ce1964ebe0a30ec9290ed7) Importer(815301076,1909f56bfc062723c751e8b465ee728b)  -> (artifact id: '931c7fbc68a4044982fce6a5c7c38705') in 0.009525 seconds 
========================================================================
Received Import Request.
  Time since last request: 0.000173 seconds.
  path: Assets/Image/배경2.jpg
  artifactKey: Guid(a2a7ff4628f5bbb46b140ea4b7ec34d2) Importer(815301076,1909f56bfc062723c751e8b465ee728b)
Start importing Assets/Image/배경2.jpg using Guid(a2a7ff4628f5bbb46b140ea4b7ec34d2) Importer(815301076,1909f56bfc062723c751e8b465ee728b)  -> (artifact id: '4c99ba362fb04cdb625f5cb8a268d44d') in 0.010574 seconds 
========================================================================
Received Import Request.
  Time since last request: 0.000168 seconds.
  path: Assets/Image/go-title.png
  artifactKey: Guid(8ad4f0c46410e794cbea141f817c634a) Importer(815301076,1909f56bfc062723c751e8b465ee728b)
Start importing Assets/Image/go-title.png using Guid(8ad4f0c46410e794cbea141f817c634a) Importer(815301076,1909f56bfc062723c751e8b465ee728b)  -> (artifact id: '92b0dcb756db7ced0f0510777585ec2f') in 0.008250 seconds 
========================================================================
Received Import Request.
  Time since last request: 0.000249 seconds.
  path: Assets/Image/time.png
  artifactKey: Guid(a62351b6c04b24d40aa7198098ceab50) Importer(815301076,1909f56bfc062723c751e8b465ee728b)
Start importing Assets/Image/time.png using Guid(a62351b6c04b24d40aa7198098ceab50) Importer(815301076,1909f56bfc062723c751e8b465ee728b)  -> (artifact id: '8ff2bbd0af5f2b6963ec6e276d22fdd1') in 0.010567 seconds 
========================================================================
Received Import Request.
  Time since last request: 0.000209 seconds.
  path: Assets/Image/비둘기.png
  artifactKey: Guid(b8fb9a2800292474185ec1dc037339a9) Importer(815301076,1909f56bfc062723c751e8b465ee728b)
Start importing Assets/Image/비둘기.png using Guid(b8fb9a2800292474185ec1dc037339a9) Importer(815301076,1909f56bfc062723c751e8b465ee728b)  -> (artifact id: '41c58b2110654528106a4ce4ba111b4d') in 0.010342 seconds 
========================================================================
Received Import Request.
  Time since last request: 0.000205 seconds.
  path: Assets/Image/성공.png
  artifactKey: Guid(656d2a0f8ad30e3438cc7eae53c7223b) Importer(815301076,1909f56bfc062723c751e8b465ee728b)
Start importing Assets/Image/성공.png using Guid(656d2a0f8ad30e3438cc7eae53c7223b) Importer(815301076,1909f56bfc062723c751e8b465ee728b)  -> (artifact id: '397e2f32e78de01679b3a7565f8970b2') in 0.012908 seconds 
========================================================================
Received Import Request.
  Time since last request: 0.000166 seconds.
  path: Assets/Image/실패.png
  artifactKey: Guid(c706dc13c98dd244689968434f106841) Importer(815301076,1909f56bfc062723c751e8b465ee728b)
Start importing Assets/Image/실패.png using Guid(c706dc13c98dd244689968434f106841) Importer(815301076,1909f56bfc062723c751e8b465ee728b)  -> (artifact id: '1da74c61579902c02858c7b482b5cfca') in 0.016457 seconds 
========================================================================
Received Import Request.
  Time since last request: 0.000172 seconds.
  path: Assets/Image/이젤.png
  artifactKey: Guid(61c20807d010378438f285ff99352a40) Importer(815301076,1909f56bfc062723c751e8b465ee728b)
Start importing Assets/Image/이젤.png using Guid(61c20807d010378438f285ff99352a40) Importer(815301076,1909f56bfc062723c751e8b465ee728b)  -> (artifact id: 'a6ff8b6481a0ec6bb369d55821d08ce3') in 0.011075 seconds 
========================================================================
Received Import Request.
  Time since last request: 0.000176 seconds.
  path: Assets/Image/icon_moon.png
  artifactKey: Guid(7cd9e0d9b4a9f914886f1a14c29adc53) Importer(815301076,1909f56bfc062723c751e8b465ee728b)
Start importing Assets/Image/icon_moon.png using Guid(7cd9e0d9b4a9f914886f1a14c29adc53) Importer(815301076,1909f56bfc062723c751e8b465ee728b)  -> (artifact id: 'aca3fdde2aa2dc6993fac79059f0d65f') in 0.010395 seconds 
========================================================================
Received Prepare
Registering precompiled user dll's ...
Registered in 0.004267 seconds.
Begin MonoManager ReloadAssembly
Native extension for WindowsStandalone target not found
Native extension for WebGL target not found
Refreshing native plugins compatible for Editor in 0.33 ms, found 3 plugins.
Preloading 0 native plugins for Editor in 0.00 ms.
Mono: successfully reloaded assembly
- Completed reload, in  0.682 seconds
Domain Reload Profiling:
	ReloadAssembly (682ms)
		BeginReloadAssembly (100ms)
			ExecutionOrderSort (0ms)
			DisableScriptedObjects (3ms)
			BackupInstance (0ms)
			ReleaseScriptingObjects (0ms)
			CreateAndSetChildDomain (23ms)
		EndReloadAssembly (530ms)
			LoadAssemblies (91ms)
			RebuildTransferFunctionScriptingTraits (0ms)
			SetupTypeCache (173ms)
			ReleaseScriptCaches (1ms)
			RebuildScriptCaches (26ms)
			SetupLoadedEditorAssemblies (205ms)
				LogAssemblyErrors (0ms)
				InitializePlatformSupportModulesInManaged (4ms)
				SetLoadedEditorAssemblies (0ms)
				RefreshPlugins (0ms)
				BeforeProcessingInitializeOnLoad (59ms)
				ProcessInitializeOnLoadAttributes (124ms)
				ProcessInitializeOnLoadMethodAttributes (8ms)
				AfterProcessingInitializeOnLoad (9ms)
				EditorAssembliesLoaded (0ms)
			ExecutionOrderSort2 (0ms)
			AwakeInstancesAfterBackupRestoration (5ms)
Platform modules already initialized, skipping
Refreshing native plugins compatible for Editor in 0.35 ms, found 3 plugins.
Preloading 0 native plugins for Editor in 0.00 ms.
Unloading 2205 Unused Serialized files (Serialized files now loaded: 0)
System memory in use before: 113.1 MB.
System memory in use after: 113.2 MB.

Unloading 15 unused Assets to reduce memory usage. Loaded Objects now: 2699.
Total: 2.134000 ms (FindLiveObjects: 0.108300 ms CreateObjectMapping: 0.043700 ms MarkObjects: 1.953700 ms  DeleteObjects: 0.027400 ms)

AssetImportParameters requested are different than current active one (requested -> active):
  custom:framework-win-MediaFoundation: 216162199b28c13a410421893ffa2e32 -> 
  custom:video-decoder-ogg-theora: a1e56fd34408186e4bbccfd4996cb3dc -> 
  custom:container-muxer-webm: aa71ff27fc2769a1b78a27578f13a17b -> 
  custom:container-demuxer-webm: 4f35f7cbe854078d1ac9338744f61a02 -> 
  custom:container-demuxer-ogg: 62fdf1f143b41e24485cea50d1cbac27 -> 
  custom:video-encoder-webm-vp8: eb34c28f22e8b96e1ab97ce403110664 -> 
  custom:video-decoder-webm-vp8: 9c59270c3fd7afecdb556c50c9e8de78 -> 
  custom:audio-decoder-ogg-vorbis: bf7c407c2cedff20999df2af8eb42d56 -> 
  custom:audio-encoder-webm-vorbis: bf7c407c2cedff20999df2af8eb42d56 -> 
========================================================================
Received Import Request.
  Time since last request: 144.339318 seconds.
  path: Assets/Image/캐릭터
  artifactKey: Guid(01115e4c526f55d4f8d91cee91fc6d1b) Importer(815301076,1909f56bfc062723c751e8b465ee728b)
Start importing Assets/Image/캐릭터 using Guid(01115e4c526f55d4f8d91cee91fc6d1b) Importer(815301076,1909f56bfc062723c751e8b465ee728b)  -> (artifact id: 'ae5094a0f7d285fb4e168a6c73201ab1') in 0.006907 seconds 
========================================================================
Received Import Request.
  Time since last request: 0.081027 seconds.
  path: Assets/Image/캐릭터/bad ending.png
  artifactKey: Guid(dc1e12541b5df2d44bb50bac1b03d268) Importer(815301076,1909f56bfc062723c751e8b465ee728b)
Start importing Assets/Image/캐릭터/bad ending.png using Guid(dc1e12541b5df2d44bb50bac1b03d268) Importer(815301076,1909f56bfc062723c751e8b465ee728b)  -> (artifact id: '59600fc23b71baad9e18bbe9661dd044') in 0.034522 seconds 
========================================================================
Received Import Request.
  Time since last request: 0.000262 seconds.
  path: Assets/Image/캐릭터/게 좋음.png
  artifactKey: Guid(21d02502bd61ab44781dfa321d8c5b31) Importer(815301076,1909f56bfc062723c751e8b465ee728b)
Start importing Assets/Image/캐릭터/게 좋음.png using Guid(21d02502bd61ab44781dfa321d8c5b31) Importer(815301076,1909f56bfc062723c751e8b465ee728b)  -> (artifact id: 'fd2eb48608aa9a3886f06f1446f4be32') in 0.013870 seconds 
========================================================================
Received Import Request.
  Time since last request: 0.000200 seconds.
  path: Assets/Image/캐릭터/외계인 기본.png
  artifactKey: Guid(cc1ae2016a1c8a948901b66f42bf4077) Importer(815301076,1909f56bfc062723c751e8b465ee728b)
Start importing Assets/Image/캐릭터/외계인 기본.png using Guid(cc1ae2016a1c8a948901b66f42bf4077) Importer(815301076,1909f56bfc062723c751e8b465ee728b)  -> (artifact id: '06f855e3d30fc69a49b0a6e07fb87ea2') in 0.015627 seconds 
========================================================================
Received Import Request.
  Time since last request: 0.000193 seconds.
  path: Assets/Image/캐릭터/비둘기 좌우반전.png
  artifactKey: Guid(0d3d377301806484eac0d8069197af93) Importer(815301076,1909f56bfc062723c751e8b465ee728b)
Start importing Assets/Image/캐릭터/비둘기 좌우반전.png using Guid(0d3d377301806484eac0d8069197af93) Importer(815301076,1909f56bfc062723c751e8b465ee728b)  -> (artifact id: '5e0c4af7eb701f7b8f243f0b2f10c0f4') in 0.014763 seconds 
========================================================================
Received Import Request.
  Time since last request: 0.000154 seconds.
  path: Assets/Image/캐릭터/게 기본.png
  artifactKey: Guid(8d2d06551d0f46740a4d2d2c0cb2c362) Importer(815301076,1909f56bfc062723c751e8b465ee728b)
Start importing Assets/Image/캐릭터/게 기본.png using Guid(8d2d06551d0f46740a4d2d2c0cb2c362) Importer(815301076,1909f56bfc062723c751e8b465ee728b)  -> (artifact id: '5fce75462f6887b6ae05c124ce5efd38') in 0.013556 seconds 
========================================================================
Received Import Request.
  Time since last request: 0.000182 seconds.
  path: Assets/Image/캐릭터/해파리 좋음.png
  artifactKey: Guid(0af2d65a70f4606438ab524d7223e513) Importer(815301076,1909f56bfc062723c751e8b465ee728b)
Start importing Assets/Image/캐릭터/해파리 좋음.png using Guid(0af2d65a70f4606438ab524d7223e513) Importer(815301076,1909f56bfc062723c751e8b465ee728b)  -> (artifact id: '4b9ded57b93b93ed81c647af5e4cf593') in 0.013007 seconds 
========================================================================
Received Import Request.
  Time since last request: 0.000174 seconds.
  path: Assets/Image/캐릭터/물고기 기본.png
  artifactKey: Guid(52d3b87d391144b4db0cc76e488ddc80) Importer(815301076,1909f56bfc062723c751e8b465ee728b)
Start importing Assets/Image/캐릭터/물고기 기본.png using Guid(52d3b87d391144b4db0cc76e488ddc80) Importer(815301076,1909f56bfc062723c751e8b465ee728b)  -> (artifact id: '302f12dc4bae001647d7786d82e11bbf') in 0.018619 seconds 
========================================================================
Received Import Request.
  Time since last request: 0.000164 seconds.
  path: Assets/Image/캐릭터/비둘기 기본.png
  artifactKey: Guid(d32d58aea2646244a85726b0f7362446) Importer(815301076,1909f56bfc062723c751e8b465ee728b)
Start importing Assets/Image/캐릭터/비둘기 기본.png using Guid(d32d58aea2646244a85726b0f7362446) Importer(815301076,1909f56bfc062723c751e8b465ee728b)  -> (artifact id: '14afb70871f692c74c870fe9daba77d8') in 0.019285 seconds 
========================================================================
Received Import Request.
  Time since last request: 0.000169 seconds.
  path: Assets/Image/캐릭터/뱀 기본.png
  artifactKey: Guid(123e1291df64d3c4eacaa5e0ead049c3) Importer(815301076,1909f56bfc062723c751e8b465ee728b)
Start importing Assets/Image/캐릭터/뱀 기본.png using Guid(123e1291df64d3c4eacaa5e0ead049c3) Importer(815301076,1909f56bfc062723c751e8b465ee728b)  -> (artifact id: '40fab8c56fac307864bf713249ca5108') in 0.010692 seconds 
========================================================================
Received Import Request.
  Time since last request: 0.000278 seconds.
  path: Assets/Image/캐릭터/양 기본.png
  artifactKey: Guid(de992102151aba149a9dc441c6699f69) Importer(815301076,1909f56bfc062723c751e8b465ee728b)
Start importing Assets/Image/캐릭터/양 기본.png using Guid(de992102151aba149a9dc441c6699f69) Importer(815301076,1909f56bfc062723c751e8b465ee728b)  -> (artifact id: '0d72c17f994ce79272d3df4f3facfc41') in 0.014614 seconds 
========================================================================
Received Import Request.
  Time since last request: 0.000179 seconds.
  path: Assets/Image/캐릭터/해파리 기본.png
  artifactKey: Guid(77c8370ccc477a746b3710894cd6e375) Importer(815301076,1909f56bfc062723c751e8b465ee728b)
Start importing Assets/Image/캐릭터/해파리 기본.png using Guid(77c8370ccc477a746b3710894cd6e375) Importer(815301076,1909f56bfc062723c751e8b465ee728b)  -> (artifact id: '1078741f85d71f632b968c8a32a19794') in 0.014146 seconds 
========================================================================
Received Import Request.
  Time since last request: 0.000192 seconds.
  path: Assets/Image/캐릭터/양 좋음.png
  artifactKey: Guid(70cf0904f7d3eb343a6b12bd52f5318d) Importer(815301076,1909f56bfc062723c751e8b465ee728b)
Start importing Assets/Image/캐릭터/양 좋음.png using Guid(70cf0904f7d3eb343a6b12bd52f5318d) Importer(815301076,1909f56bfc062723c751e8b465ee728b)  -> (artifact id: '4bd8d60ea2de8a23c737ce66dfe59f0c') in 0.014056 seconds 
========================================================================
Received Import Request.
  Time since last request: 0.000207 seconds.
  path: Assets/Image/캐릭터/양 화남.png
  artifactKey: Guid(47f0bd49c9815964fad77b703158d614) Importer(815301076,1909f56bfc062723c751e8b465ee728b)
Start importing Assets/Image/캐릭터/양 화남.png using Guid(47f0bd49c9815964fad77b703158d614) Importer(815301076,1909f56bfc062723c751e8b465ee728b)  -> (artifact id: 'a4c32e6ca1cd916a8da799ffd46f8f6d') in 0.010882 seconds 
========================================================================
Received Import Request.
  Time since last request: 0.000181 seconds.
  path: Assets/Image/캐릭터/원숭이 기본.png
  artifactKey: Guid(64d0f8b90b978d8438f1d69773e530dc) Importer(815301076,1909f56bfc062723c751e8b465ee728b)
Start importing Assets/Image/캐릭터/원숭이 기본.png using Guid(64d0f8b90b978d8438f1d69773e530dc) Importer(815301076,1909f56bfc062723c751e8b465ee728b)  -> (artifact id: '6c763a4bdeb5f8f12a28059161dbfd1c') in 0.010838 seconds 
========================================================================
Received Import Request.
  Time since last request: 0.000134 seconds.
  path: Assets/Image/캐릭터/good ending.png
  artifactKey: Guid(cb0bdfe14329ca141827bfdda2a181cf) Importer(815301076,1909f56bfc062723c751e8b465ee728b)
Start importing Assets/Image/캐릭터/good ending.png using Guid(cb0bdfe14329ca141827bfdda2a181cf) Importer(815301076,1909f56bfc062723c751e8b465ee728b)  -> (artifact id: '87aa7cf1f8aa6e5310ba8f1cf2fb2230') in 0.009940 seconds 
========================================================================
Received Import Request.
  Time since last request: 0.000207 seconds.
  path: Assets/Image/캐릭터/물고기 화남.png
  artifactKey: Guid(8bc750b0a7a62844ab15128bd44abbe5) Importer(815301076,1909f56bfc062723c751e8b465ee728b)
Start importing Assets/Image/캐릭터/물고기 화남.png using Guid(8bc750b0a7a62844ab15128bd44abbe5) Importer(815301076,1909f56bfc062723c751e8b465ee728b)  -> (artifact id: 'ed222f043a414b2d479d323cb84287e1') in 0.010154 seconds 
========================================================================
Received Import Request.
  Time since last request: 0.000192 seconds.
  path: Assets/Image/캐릭터/뱀 화남.png
  artifactKey: Guid(45b15fba0de2226439b5fd57c739da61) Importer(815301076,1909f56bfc062723c751e8b465ee728b)
Start importing Assets/Image/캐릭터/뱀 화남.png using Guid(45b15fba0de2226439b5fd57c739da61) Importer(815301076,1909f56bfc062723c751e8b465ee728b)  -> (artifact id: '04769c5a6f1cc55f192db8bd8c2a74e7') in 0.009201 seconds 
========================================================================
Received Import Request.
  Time since last request: 0.000196 seconds.
  path: Assets/Image/캐릭터/게 화남.png
  artifactKey: Guid(692fc2ae06b07bf4e8834b6a613326c3) Importer(815301076,1909f56bfc062723c751e8b465ee728b)
Start importing Assets/Image/캐릭터/게 화남.png using Guid(692fc2ae06b07bf4e8834b6a613326c3) Importer(815301076,1909f56bfc062723c751e8b465ee728b)  -> (artifact id: '5d1671fc5f044513406d68708bf9eb04') in 0.011831 seconds 
========================================================================
Received Import Request.
  Time since last request: 0.000174 seconds.
  path: Assets/Image/캐릭터/외계인 화남.png
  artifactKey: Guid(1c226dff7e19ef7419771752fb323ef7) Importer(815301076,1909f56bfc062723c751e8b465ee728b)
Start importing Assets/Image/캐릭터/외계인 화남.png using Guid(1c226dff7e19ef7419771752fb323ef7) Importer(815301076,1909f56bfc062723c751e8b465ee728b)  -> (artifact id: '0e8dea275d81936d2f73c6e923bdae7b') in 0.011003 seconds 
========================================================================
Received Import Request.
  Time since last request: 0.000183 seconds.
  path: Assets/Image/캐릭터/강아지 기본.png
  artifactKey: Guid(ec312a3feff322349b3d60588d2af1cf) Importer(815301076,1909f56bfc062723c751e8b465ee728b)
Start importing Assets/Image/캐릭터/강아지 기본.png using Guid(ec312a3feff322349b3d60588d2af1cf) Importer(815301076,1909f56bfc062723c751e8b465ee728b)  -> (artifact id: 'ce1844bffddca74abf8984093e8e4727') in 0.010464 seconds 
========================================================================
Received Import Request.
  Time since last request: 0.000338 seconds.
  path: Assets/Image/캐릭터/강아지 좋음.png
  artifactKey: Guid(c45170e031e366c49b2f212e0fbc5d34) Importer(815301076,1909f56bfc062723c751e8b465ee728b)
Start importing Assets/Image/캐릭터/강아지 좋음.png using Guid(c45170e031e366c49b2f212e0fbc5d34) Importer(815301076,1909f56bfc062723c751e8b465ee728b)  -> (artifact id: 'ec80db3e4bc31026ae15c60772c663bb') in 0.009521 seconds 
========================================================================
Received Import Request.
  Time since last request: 0.000190 seconds.
  path: Assets/Image/캐릭터/외계인 좋음.png
  artifactKey: Guid(edcc233ae71eb804d92779c1d0a785fd) Importer(815301076,1909f56bfc062723c751e8b465ee728b)
Start importing Assets/Image/캐릭터/외계인 좋음.png using Guid(edcc233ae71eb804d92779c1d0a785fd) Importer(815301076,1909f56bfc062723c751e8b465ee728b)  -> (artifact id: '61e5cf10cc13ce410eff53490a3f3de7') in 0.010715 seconds 
========================================================================
Received Import Request.
  Time since last request: 0.000163 seconds.
  path: Assets/Image/캐릭터/해파리 화남.png
  artifactKey: Guid(1633b99b3bdde674c88a8ba9385074bb) Importer(815301076,1909f56bfc062723c751e8b465ee728b)
Start importing Assets/Image/캐릭터/해파리 화남.png using Guid(1633b99b3bdde674c88a8ba9385074bb) Importer(815301076,1909f56bfc062723c751e8b465ee728b)  -> (artifact id: '46d3e975255f2d36bd39cb441947398b') in 0.009716 seconds 
========================================================================
Received Import Request.
  Time since last request: 0.000176 seconds.
  path: Assets/Image/캐릭터/강아지 화남.png
  artifactKey: Guid(75079829b00ae4741aacdb5fef760aec) Importer(815301076,1909f56bfc062723c751e8b465ee728b)
Start importing Assets/Image/캐릭터/강아지 화남.png using Guid(75079829b00ae4741aacdb5fef760aec) Importer(815301076,1909f56bfc062723c751e8b465ee728b)  -> (artifact id: '6bbd28885820979f66f4494570215e89') in 0.011907 seconds 
========================================================================
Received Import Request.
  Time since last request: 0.000170 seconds.
  path: Assets/Image/캐릭터/원숭이 화남.png
  artifactKey: Guid(ebddc45dd00c54b4c93fc959099e346b) Importer(815301076,1909f56bfc062723c751e8b465ee728b)
Start importing Assets/Image/캐릭터/원숭이 화남.png using Guid(ebddc45dd00c54b4c93fc959099e346b) Importer(815301076,1909f56bfc062723c751e8b465ee728b)  -> (artifact id: 'e796f31008220fed226c12c17124b582') in 0.009919 seconds 
========================================================================
Received Import Request.
  Time since last request: 0.000187 seconds.
  path: Assets/Image/캐릭터/원숭이 좋음.png
  artifactKey: Guid(273fbad018f626448acdd69d99eb1837) Importer(815301076,1909f56bfc062723c751e8b465ee728b)
Start importing Assets/Image/캐릭터/원숭이 좋음.png using Guid(273fbad018f626448acdd69d99eb1837) Importer(815301076,1909f56bfc062723c751e8b465ee728b)  -> (artifact id: '373ca682c067810f49d22404718b10c2') in 0.010466 seconds 
========================================================================
Received Import Request.
  Time since last request: 0.000171 seconds.
  path: Assets/Image/캐릭터/뱀 좋음.png
  artifactKey: Guid(c479d6c17bcd0814cb8e0ccecb24eacf) Importer(815301076,1909f56bfc062723c751e8b465ee728b)
Start importing Assets/Image/캐릭터/뱀 좋음.png using Guid(c479d6c17bcd0814cb8e0ccecb24eacf) Importer(815301076,1909f56bfc062723c751e8b465ee728b)  -> (artifact id: '4d914a8b332c4e474ed2159420c71476') in 0.011366 seconds 
========================================================================
Received Import Request.
  Time since last request: 0.000184 seconds.
  path: Assets/Image/캐릭터/물고기 좋음.png
  artifactKey: Guid(f04edf1603a58ee4ea138058bb08c5f0) Importer(815301076,1909f56bfc062723c751e8b465ee728b)
Start importing Assets/Image/캐릭터/물고기 좋음.png using Guid(f04edf1603a58ee4ea138058bb08c5f0) Importer(815301076,1909f56bfc062723c751e8b465ee728b)  -> (artifact id: '904101c0d8e10e61c6d5d874a03c69d2') in 0.009349 seconds 
========================================================================
Received Import Request.
  Time since last request: 7.540489 seconds.
  path: Assets/Scenes/SceneGameCustomer.unity
  artifactKey: Guid(e2457e32bacb2bc42b266a368634ace1) Importer(815301076,1909f56bfc062723c751e8b465ee728b)
Start importing Assets/Scenes/SceneGameCustomer.unity using Guid(e2457e32bacb2bc42b266a368634ace1) Importer(815301076,1909f56bfc062723c751e8b465ee728b)  -> (artifact id: '745df5ab9c2dd777057d100e4655a5b9') in 0.002529 seconds 
========================================================================
Received Import Request.
  Time since last request: 0.409863 seconds.
  path: Assets/Scenes/SceneEnding.unity
  artifactKey: Guid(ce2e950abe894bb4ab9f5cd9320e6321) Importer(815301076,1909f56bfc062723c751e8b465ee728b)
Start importing Assets/Scenes/SceneEnding.unity using Guid(ce2e950abe894bb4ab9f5cd9320e6321) Importer(815301076,1909f56bfc062723c751e8b465ee728b)  -> (artifact id: '7bea0b3d8154bad229ff5d6f3d0b5eb0') in 0.002486 seconds 
========================================================================
Received Import Request.
  Time since last request: 6.206397 seconds.
  path: Assets/Resources/ScreenShots/2022-06-22_02-46-56.png
  artifactKey: Guid(1390d9fa67d66bf4f9a53fe44493ffb7) Importer(815301076,1909f56bfc062723c751e8b465ee728b)
Start importing Assets/Resources/ScreenShots/2022-06-22_02-46-56.png using Guid(1390d9fa67d66bf4f9a53fe44493ffb7) Importer(815301076,1909f56bfc062723c751e8b465ee728b)  -> (artifact id: '9ca9320fe15402b6a4866c4d264ae06d') in 0.012044 seconds 
========================================================================
Received Import Request.
  Time since last request: 0.000176 seconds.
  path: Assets/Resources/ScreenShots/2022-06-22_03-00-29.png
  artifactKey: Guid(519670dcd4e7dd548ba880e88bb06949) Importer(815301076,1909f56bfc062723c751e8b465ee728b)
Start importing Assets/Resources/ScreenShots/2022-06-22_03-00-29.png using Guid(519670dcd4e7dd548ba880e88bb06949) Importer(815301076,1909f56bfc062723c751e8b465ee728b)  -> (artifact id: '054f5877061dc90ae3dd8511870f6787') in 0.026391 seconds 
========================================================================
Received Import Request.
  Time since last request: 0.000164 seconds.
  path: Assets/Resources/ScreenShots/2022-06-22_02-58-36.png
  artifactKey: Guid(040d604edcb910e46b97f877fef4c882) Importer(815301076,1909f56bfc062723c751e8b465ee728b)
Start importing Assets/Resources/ScreenShots/2022-06-22_02-58-36.png using Guid(040d604edcb910e46b97f877fef4c882) Importer(815301076,1909f56bfc062723c751e8b465ee728b)  -> (artifact id: 'cdc2841d657504fbceb25684bf1dc8de') in 0.011673 seconds 
========================================================================
Received Import Request.
  Time since last request: 0.000221 seconds.
  path: Assets/Resources/ScreenShots/2022-06-22_03-12-07.png
  artifactKey: Guid(ae5fdcd5d686b8946a3762df3b6c9fc7) Importer(815301076,1909f56bfc062723c751e8b465ee728b)
Start importing Assets/Resources/ScreenShots/2022-06-22_03-12-07.png using Guid(ae5fdcd5d686b8946a3762df3b6c9fc7) Importer(815301076,1909f56bfc062723c751e8b465ee728b)  -> (artifact id: '1dfba8eb3bc6082f18b6856dec399ab3') in 0.011592 seconds 
========================================================================
Received Import Request.
  Time since last request: 0.000202 seconds.
  path: Assets/Resources/ScreenShots/2022-06-22_03-05-18.png
  artifactKey: Guid(1966d826ead7c4540b48555cedc3d06e) Importer(815301076,1909f56bfc062723c751e8b465ee728b)
Start importing Assets/Resources/ScreenShots/2022-06-22_03-05-18.png using Guid(1966d826ead7c4540b48555cedc3d06e) Importer(815301076,1909f56bfc062723c751e8b465ee728b)  -> (artifact id: '968b8f0e3523cc4dca8077dbd6c47249') in 0.011962 seconds 
========================================================================
Received Import Request.
  Time since last request: 0.000179 seconds.
  path: Assets/Resources/ScreenShots/2022-06-22_02-48-50.png
  artifactKey: Guid(6f5329d2439e5d94bbcae64062963204) Importer(815301076,1909f56bfc062723c751e8b465ee728b)
Start importing Assets/Resources/ScreenShots/2022-06-22_02-48-50.png using Guid(6f5329d2439e5d94bbcae64062963204) Importer(815301076,1909f56bfc062723c751e8b465ee728b)  -> (artifact id: 'd3c4f04e52a184373f3c41b14dfbb40b') in 0.011590 seconds 
========================================================================
Received Import Request.
  Time since last request: 0.000197 seconds.
  path: Assets/Resources/ScreenShots/2022-06-22_02-54-09.png
  artifactKey: Guid(10f8f664de5adea4abf826282ce145fe) Importer(815301076,1909f56bfc062723c751e8b465ee728b)
Start importing Assets/Resources/ScreenShots/2022-06-22_02-54-09.png using Guid(10f8f664de5adea4abf826282ce145fe) Importer(815301076,1909f56bfc062723c751e8b465ee728b)  -> (artifact id: '867c51ce21a379015808b1e6f32d05e6') in 0.011432 seconds 
========================================================================
Received Import Request.
  Time since last request: 0.000250 seconds.
  path: Assets/Resources/ScreenShots/2022-06-22_03-06-27.png
  artifactKey: Guid(453a67ffa448b7e4e8fbd4bf337b9d14) Importer(815301076,1909f56bfc062723c751e8b465ee728b)
Start importing Assets/Resources/ScreenShots/2022-06-22_03-06-27.png using Guid(453a67ffa448b7e4e8fbd4bf337b9d14) Importer(815301076,1909f56bfc062723c751e8b465ee728b)  -> (artifact id: '29c4b5cb461d5bf9b5f49aa43c3c0b96') in 0.008418 seconds 
========================================================================
Received Prepare
Registering precompiled user dll's ...
Registered in 0.004209 seconds.
Begin MonoManager ReloadAssembly
Native extension for WindowsStandalone target not found
Native extension for WebGL target not found
Refreshing native plugins compatible for Editor in 0.33 ms, found 3 plugins.
Preloading 0 native plugins for Editor in 0.00 ms.
Mono: successfully reloaded assembly
- Completed reload, in  0.683 seconds
Domain Reload Profiling:
	ReloadAssembly (684ms)
		BeginReloadAssembly (98ms)
			ExecutionOrderSort (0ms)
			DisableScriptedObjects (4ms)
			BackupInstance (0ms)
			ReleaseScriptingObjects (0ms)
			CreateAndSetChildDomain (23ms)
		EndReloadAssembly (543ms)
			LoadAssemblies (88ms)
			RebuildTransferFunctionScriptingTraits (0ms)
			SetupTypeCache (182ms)
			ReleaseScriptCaches (1ms)
			RebuildScriptCaches (26ms)
			SetupLoadedEditorAssemblies (208ms)
				LogAssemblyErrors (0ms)
				InitializePlatformSupportModulesInManaged (4ms)
				SetLoadedEditorAssemblies (0ms)
				RefreshPlugins (0ms)
				BeforeProcessingInitializeOnLoad (59ms)
				ProcessInitializeOnLoadAttributes (128ms)
				ProcessInitializeOnLoadMethodAttributes (8ms)
				AfterProcessingInitializeOnLoad (9ms)
				EditorAssembliesLoaded (0ms)
			ExecutionOrderSort2 (0ms)
			AwakeInstancesAfterBackupRestoration (6ms)
Platform modules already initialized, skipping
Refreshing native plugins compatible for Editor in 0.36 ms, found 3 plugins.
Preloading 0 native plugins for Editor in 0.00 ms.
Unloading 2205 Unused Serialized files (Serialized files now loaded: 0)
System memory in use before: 113.1 MB.
System memory in use after: 113.3 MB.

Unloading 15 unused Assets to reduce memory usage. Loaded Objects now: 2705.
Total: 2.462200 ms (FindLiveObjects: 0.111300 ms CreateObjectMapping: 0.042200 ms MarkObjects: 2.292400 ms  DeleteObjects: 0.015800 ms)

AssetImportParameters requested are different than current active one (requested -> active):
  custom:framework-win-MediaFoundation: 216162199b28c13a410421893ffa2e32 -> 
  custom:video-decoder-ogg-theora: a1e56fd34408186e4bbccfd4996cb3dc -> 
  custom:container-muxer-webm: aa71ff27fc2769a1b78a27578f13a17b -> 
  custom:container-demuxer-webm: 4f35f7cbe854078d1ac9338744f61a02 -> 
  custom:container-demuxer-ogg: 62fdf1f143b41e24485cea50d1cbac27 -> 
  custom:video-encoder-webm-vp8: eb34c28f22e8b96e1ab97ce403110664 -> 
  custom:video-decoder-webm-vp8: 9c59270c3fd7afecdb556c50c9e8de78 -> 
  custom:audio-decoder-ogg-vorbis: bf7c407c2cedff20999df2af8eb42d56 -> 
  custom:audio-encoder-webm-vorbis: bf7c407c2cedff20999df2af8eb42d56 -> 
========================================================================
Received Import Request.
  Time since last request: 60.478586 seconds.
  path: Assets/prefabs/btn_accept.prefab
  artifactKey: Guid(5e998ebdd8b19aa40831f75a07525eda) Importer(815301076,1909f56bfc062723c751e8b465ee728b)
Start importing Assets/prefabs/btn_accept.prefab using Guid(5e998ebdd8b19aa40831f75a07525eda) Importer(815301076,1909f56bfc062723c751e8b465ee728b)  -> (artifact id: '47b2006eb763f288d4b6e4da5b1300b3') in 0.028219 seconds 
========================================================================
Received Import Request.
  Time since last request: 0.000267 seconds.
  path: Assets/prefabs/고객 3.prefab
  artifactKey: Guid(8282a567b19930147bea8e50ac051429) Importer(815301076,1909f56bfc062723c751e8b465ee728b)
Start importing Assets/prefabs/고객 3.prefab using Guid(8282a567b19930147bea8e50ac051429) Importer(815301076,1909f56bfc062723c751e8b465ee728b)  -> (artifact id: '3937dd7d880fcd4f0dc4f6c7b964a2b7') in 0.005179 seconds 
========================================================================
Received Import Request.
  Time since last request: 0.000301 seconds.
  path: Assets/prefabs/대화상자.prefab
  artifactKey: Guid(1e99f62fd64525945b18bcd9c276c229) Importer(815301076,1909f56bfc062723c751e8b465ee728b)
Start importing Assets/prefabs/대화상자.prefab using Guid(1e99f62fd64525945b18bcd9c276c229) Importer(815301076,1909f56bfc062723c751e8b465ee728b)  -> (artifact id: 'f60a6f9745b5263421e1477fb17048ef') in 0.029031 seconds 
========================================================================
Received Import Request.
  Time since last request: 0.000238 seconds.
  path: Assets/prefabs/고객 2.prefab
  artifactKey: Guid(ec3c71da8457d4545b5f484f1e8dedac) Importer(815301076,1909f56bfc062723c751e8b465ee728b)
Start importing Assets/prefabs/고객 2.prefab using Guid(ec3c71da8457d4545b5f484f1e8dedac) Importer(815301076,1909f56bfc062723c751e8b465ee728b)  -> (artifact id: 'dfbe723cecb3340ea1491209aaefe3f9') in 0.005102 seconds 
========================================================================
Received Import Request.
  Time since last request: 74.748027 seconds.
  path: Assets/Resources/ScreenShots/2022-06-22_03-17-19.png
  artifactKey: Guid(c429d41c858c12844a04b6a2d9887d3e) Importer(815301076,1909f56bfc062723c751e8b465ee728b)
Start importing Assets/Resources/ScreenShots/2022-06-22_03-17-19.png using Guid(c429d41c858c12844a04b6a2d9887d3e) Importer(815301076,1909f56bfc062723c751e8b465ee728b)  -> (artifact id: 'ef5188ed1a06c787e5e66abde4da225c') in 0.018792 seconds 
========================================================================
Received Import Request.
  Time since last request: 0.000267 seconds.
  path: Assets/Resources/ScreenShots/2022-06-22_03-26-44.png
  artifactKey: Guid(cc3785aa0fcd9f4419e2fc6ae0ac9b49) Importer(815301076,1909f56bfc062723c751e8b465ee728b)
Start importing Assets/Resources/ScreenShots/2022-06-22_03-26-44.png using Guid(cc3785aa0fcd9f4419e2fc6ae0ac9b49) Importer(815301076,1909f56bfc062723c751e8b465ee728b)  -> (artifact id: 'fb3e8c99b94c4f03196c000e8dc7ee96') in 0.015148 seconds 
========================================================================
Received Import Request.
  Time since last request: 0.000434 seconds.
  path: Assets/Resources/ScreenShots/2022-06-22_03-51-47.png
  artifactKey: Guid(a6c4afffb6f1ae14a89a6ac67f414096) Importer(815301076,1909f56bfc062723c751e8b465ee728b)
Start importing Assets/Resources/ScreenShots/2022-06-22_03-51-47.png using Guid(a6c4afffb6f1ae14a89a6ac67f414096) Importer(815301076,1909f56bfc062723c751e8b465ee728b)  -> (artifact id: 'ef83c8fe3f3cd63c9820f75a4239b7b5') in 0.018098 seconds 
========================================================================
Received Import Request.
  Time since last request: 0.000204 seconds.
  path: Assets/Resources/ScreenShots/2022-06-22_04-04-40.png
  artifactKey: Guid(a95cb128918e0c147aba14c48c6c15f3) Importer(815301076,1909f56bfc062723c751e8b465ee728b)
Start importing Assets/Resources/ScreenShots/2022-06-22_04-04-40.png using Guid(a95cb128918e0c147aba14c48c6c15f3) Importer(815301076,1909f56bfc062723c751e8b465ee728b)  -> (artifact id: '487c2c54b0a778c5dc198b31942f4939') in 0.011107 seconds 
========================================================================
Received Import Request.
  Time since last request: 0.000335 seconds.
  path: Assets/Resources/ScreenShots/2022-06-22_04-02-11.png
  artifactKey: Guid(1767c008028cc274bb084e2b22fefed2) Importer(815301076,1909f56bfc062723c751e8b465ee728b)
Start importing Assets/Resources/ScreenShots/2022-06-22_04-02-11.png using Guid(1767c008028cc274bb084e2b22fefed2) Importer(815301076,1909f56bfc062723c751e8b465ee728b)  -> (artifact id: 'f83dab6f404374d53eaa57f37566f12b') in 0.015210 seconds 
========================================================================
Received Import Request.
  Time since last request: 0.000367 seconds.
  path: Assets/Resources/ScreenShots/2022-06-22_03-34-14.png
  artifactKey: Guid(e07a1d9c36dce7a4984338bf7253a967) Importer(815301076,1909f56bfc062723c751e8b465ee728b)
Start importing Assets/Resources/ScreenShots/2022-06-22_03-34-14.png using Guid(e07a1d9c36dce7a4984338bf7253a967) Importer(815301076,1909f56bfc062723c751e8b465ee728b)  -> (artifact id: 'c9fa34cffae145befda1342f5a912f71') in 0.015235 seconds 
========================================================================
Received Import Request.
  Time since last request: 0.150918 seconds.
  path: Assets/Resources/ScreenShots/2022-06-22_04-10-54.png
  artifactKey: Guid(7742656bf8993a947bd67afdbf17614b) Importer(815301076,1909f56bfc062723c751e8b465ee728b)
Start importing Assets/Resources/ScreenShots/2022-06-22_04-10-54.png using Guid(7742656bf8993a947bd67afdbf17614b) Importer(815301076,1909f56bfc062723c751e8b465ee728b)  -> (artifact id: '3d57cc0d4e581b1be5d1d6c04612638d') in 0.009929 seconds 
========================================================================
Received Import Request.
  Time since last request: 0.000225 seconds.
  path: Assets/Resources/ScreenShots/2022-06-22_04-12-29.png
  artifactKey: Guid(657d4dd38e4c44c45af887f2342191a2) Importer(815301076,1909f56bfc062723c751e8b465ee728b)
Start importing Assets/Resources/ScreenShots/2022-06-22_04-12-29.png using Guid(657d4dd38e4c44c45af887f2342191a2) Importer(815301076,1909f56bfc062723c751e8b465ee728b)  -> (artifact id: '26edde66f5249b51cea9c5f20260b4b9') in 0.011349 seconds 
========================================================================
Received Import Request.
  Time since last request: 0.001399 seconds.
  path: Assets/Resources/ScreenShots/2022-06-22_04-13-18.png
  artifactKey: Guid(1154f860367f06f428b7a38d2bfefd5b) Importer(815301076,1909f56bfc062723c751e8b465ee728b)
Start importing Assets/Resources/ScreenShots/2022-06-22_04-13-18.png using Guid(1154f860367f06f428b7a38d2bfefd5b) Importer(815301076,1909f56bfc062723c751e8b465ee728b)  -> (artifact id: 'a1e7d6daa1116d9961ffcd6bd73a51c5') in 0.015903 seconds 
========================================================================
Received Import Request.
  Time since last request: 0.000218 seconds.
  path: Assets/Resources/ScreenShots/2022-06-22_05-11-19.png
  artifactKey: Guid(4c6d082e103e50448ad6155e056ea778) Importer(815301076,1909f56bfc062723c751e8b465ee728b)
Start importing Assets/Resources/ScreenShots/2022-06-22_05-11-19.png using Guid(4c6d082e103e50448ad6155e056ea778) Importer(815301076,1909f56bfc062723c751e8b465ee728b)  -> (artifact id: 'b990712c12c1b7662c316b8970ab97b0') in 0.011758 seconds 
========================================================================
Received Import Request.
  Time since last request: 0.000339 seconds.
  path: Assets/Resources/ScreenShots/2022-06-22_04-15-27.png
  artifactKey: Guid(b203ac174ca1dda40ab7ea04a80f921d) Importer(815301076,1909f56bfc062723c751e8b465ee728b)
Start importing Assets/Resources/ScreenShots/2022-06-22_04-15-27.png using Guid(b203ac174ca1dda40ab7ea04a80f921d) Importer(815301076,1909f56bfc062723c751e8b465ee728b)  -> (artifact id: 'f0135b6b3162aaf63cbe1136f798d188') in 0.014488 seconds 
========================================================================
Received Import Request.
  Time since last request: 12.617626 seconds.
  path: Assets/prefabs/고객 3.prefab
  artifactKey: Guid(8282a567b19930147bea8e50ac051429) Importer(815301076,1909f56bfc062723c751e8b465ee728b)
Start importing Assets/prefabs/고객 3.prefab using Guid(8282a567b19930147bea8e50ac051429) Importer(815301076,1909f56bfc062723c751e8b465ee728b)  -> (artifact id: '1443e98f81b386009abc5355418dcf4d') in 0.010172 seconds 
========================================================================
Received Import Request.
  Time since last request: 12.500943 seconds.
  path: Assets/prefabs/고객 3.prefab
  artifactKey: Guid(8282a567b19930147bea8e50ac051429) Importer(815301076,1909f56bfc062723c751e8b465ee728b)
Start importing Assets/prefabs/고객 3.prefab using Guid(8282a567b19930147bea8e50ac051429) Importer(815301076,1909f56bfc062723c751e8b465ee728b)  -> (artifact id: 'f6af4b10d14c314e664cf7f31a27f652') in 0.009812 seconds 
========================================================================
Received Import Request.
  Time since last request: 3.032547 seconds.
  path: Assets/prefabs/고객 3.prefab
  artifactKey: Guid(8282a567b19930147bea8e50ac051429) Importer(815301076,1909f56bfc062723c751e8b465ee728b)
Start importing Assets/prefabs/고객 3.prefab using Guid(8282a567b19930147bea8e50ac051429) Importer(815301076,1909f56bfc062723c751e8b465ee728b)  -> (artifact id: 'd996d6c3b79e87223cb9f0349381505e') in 0.009820 seconds 
========================================================================
Received Import Request.
  Time since last request: 5.259163 seconds.
  path: Assets/prefabs/고객 3.prefab
  artifactKey: Guid(8282a567b19930147bea8e50ac051429) Importer(815301076,1909f56bfc062723c751e8b465ee728b)
Start importing Assets/prefabs/고객 3.prefab using Guid(8282a567b19930147bea8e50ac051429) Importer(815301076,1909f56bfc062723c751e8b465ee728b)  -> (artifact id: '3dd682bbc7447e3ebbdc1923f1575951') in 0.010561 seconds 
========================================================================
Received Import Request.
  Time since last request: 16.386352 seconds.
  path: Assets/prefabs/고객 3.prefab
  artifactKey: Guid(8282a567b19930147bea8e50ac051429) Importer(815301076,1909f56bfc062723c751e8b465ee728b)
Start importing Assets/prefabs/고객 3.prefab using Guid(8282a567b19930147bea8e50ac051429) Importer(815301076,1909f56bfc062723c751e8b465ee728b)  -> (artifact id: 'ac20a0475a3f4bd962ac807acd5e80fe') in 0.010464 seconds 
========================================================================
Received Import Request.
  Time since last request: 15.182161 seconds.
  path: Assets/prefabs/고객 3.prefab
  artifactKey: Guid(8282a567b19930147bea8e50ac051429) Importer(815301076,1909f56bfc062723c751e8b465ee728b)
Start importing Assets/prefabs/고객 3.prefab using Guid(8282a567b19930147bea8e50ac051429) Importer(815301076,1909f56bfc062723c751e8b465ee728b)  -> (artifact id: '211817cf940fab83d1a810f9e28eb03d') in 0.010092 seconds 
========================================================================
Received Import Request.
  Time since last request: 8.868597 seconds.
  path: Assets/prefabs/고객 3.prefab
  artifactKey: Guid(8282a567b19930147bea8e50ac051429) Importer(815301076,1909f56bfc062723c751e8b465ee728b)
Start importing Assets/prefabs/고객 3.prefab using Guid(8282a567b19930147bea8e50ac051429) Importer(815301076,1909f56bfc062723c751e8b465ee728b)  -> (artifact id: '745154fcf22ac13383882d113de33896') in 0.011493 seconds 
========================================================================
Received Import Request.
  Time since last request: 16.961358 seconds.
  path: Assets/prefabs/외계인.prefab
  artifactKey: Guid(8282a567b19930147bea8e50ac051429) Importer(815301076,1909f56bfc062723c751e8b465ee728b)
Start importing Assets/prefabs/외계인.prefab using Guid(8282a567b19930147bea8e50ac051429) Importer(815301076,1909f56bfc062723c751e8b465ee728b)  -> (artifact id: '51b33f5cc900b307c7317f230c0ecc3d') in 0.013278 seconds 
========================================================================
Received Import Request.
  Time since last request: 14.467954 seconds.
  path: Assets/prefabs/지.prefab
  artifactKey: Guid(ec3c71da8457d4545b5f484f1e8dedac) Importer(815301076,1909f56bfc062723c751e8b465ee728b)
Start importing Assets/prefabs/지.prefab using Guid(ec3c71da8457d4545b5f484f1e8dedac) Importer(815301076,1909f56bfc062723c751e8b465ee728b)  -> (artifact id: 'e16a167f8de546a3023147ae5a44ac50') in 0.007089 seconds 
========================================================================
Received Import Request.
  Time since last request: 6.567352 seconds.
  path: Assets/prefabs/강아지.prefab
  artifactKey: Guid(ec3c71da8457d4545b5f484f1e8dedac) Importer(815301076,1909f56bfc062723c751e8b465ee728b)
Start importing Assets/prefabs/강아지.prefab using Guid(ec3c71da8457d4545b5f484f1e8dedac) Importer(815301076,1909f56bfc062723c751e8b465ee728b)  -> (artifact id: '2e001fa1a03dbe8eedf025debffb1a2a') in 0.005991 seconds 
========================================================================
Received Import Request.
  Time since last request: 6.318724 seconds.
  path: Assets/prefabs/강아지.prefab
  artifactKey: Guid(ec3c71da8457d4545b5f484f1e8dedac) Importer(815301076,1909f56bfc062723c751e8b465ee728b)
Start importing Assets/prefabs/강아지.prefab using Guid(ec3c71da8457d4545b5f484f1e8dedac) Importer(815301076,1909f56bfc062723c751e8b465ee728b)  -> (artifact id: '583d6e9a0f3b7a1f5f8766d79f2e2018') in 0.010948 seconds 
========================================================================
Received Import Request.
  Time since last request: 11.559821 seconds.
  path: Assets/prefabs/강아지.prefab
  artifactKey: Guid(ec3c71da8457d4545b5f484f1e8dedac) Importer(815301076,1909f56bfc062723c751e8b465ee728b)
Start importing Assets/prefabs/강아지.prefab using Guid(ec3c71da8457d4545b5f484f1e8dedac) Importer(815301076,1909f56bfc062723c751e8b465ee728b)  -> (artifact id: '504424cb78f09198fc04e06b42b2b8a5') in 0.010894 seconds 
========================================================================
Received Import Request.
  Time since last request: 9.987733 seconds.
  path: Assets/prefabs/강아지.prefab
  artifactKey: Guid(ec3c71da8457d4545b5f484f1e8dedac) Importer(815301076,1909f56bfc062723c751e8b465ee728b)
Start importing Assets/prefabs/강아지.prefab using Guid(ec3c71da8457d4545b5f484f1e8dedac) Importer(815301076,1909f56bfc062723c751e8b465ee728b)  -> (artifact id: 'c4b142bf6222486def515621851002f2') in 0.012463 seconds 
========================================================================
Received Import Request.
  Time since last request: 12.100781 seconds.
  path: Assets/prefabs/강아지.prefab
  artifactKey: Guid(ec3c71da8457d4545b5f484f1e8dedac) Importer(815301076,1909f56bfc062723c751e8b465ee728b)
Start importing Assets/prefabs/강아지.prefab using Guid(ec3c71da8457d4545b5f484f1e8dedac) Importer(815301076,1909f56bfc062723c751e8b465ee728b)  -> (artifact id: 'a69c0e7dcaf5b4880bd9063e70a73a53') in 0.010564 seconds 
========================================================================
Received Import Request.
  Time since last request: 17.438850 seconds.
  path: Assets/prefabs/강아지.prefab
  artifactKey: Guid(ec3c71da8457d4545b5f484f1e8dedac) Importer(815301076,1909f56bfc062723c751e8b465ee728b)
Start importing Assets/prefabs/강아지.prefab using Guid(ec3c71da8457d4545b5f484f1e8dedac) Importer(815301076,1909f56bfc062723c751e8b465ee728b)  -> (artifact id: 'c1466e4678acf34f20c86fd898d71d58') in 0.011483 seconds 
========================================================================
Received Import Request.
  Time since last request: 6.121674 seconds.
  path: Assets/prefabs/강아지.prefab
  artifactKey: Guid(ec3c71da8457d4545b5f484f1e8dedac) Importer(815301076,1909f56bfc062723c751e8b465ee728b)
Start importing Assets/prefabs/강아지.prefab using Guid(ec3c71da8457d4545b5f484f1e8dedac) Importer(815301076,1909f56bfc062723c751e8b465ee728b)  -> (artifact id: '45429498355cf5cbcd3b163c46f7a894') in 0.011590 seconds 
========================================================================
Received Prepare
Registering precompiled user dll's ...
Registered in 0.004818 seconds.
Begin MonoManager ReloadAssembly
Native extension for WindowsStandalone target not found
Native extension for WebGL target not found
Refreshing native plugins compatible for Editor in 0.36 ms, found 3 plugins.
Preloading 0 native plugins for Editor in 0.00 ms.
Mono: successfully reloaded assembly
- Completed reload, in  0.753 seconds
Domain Reload Profiling:
	ReloadAssembly (753ms)
		BeginReloadAssembly (108ms)
			ExecutionOrderSort (0ms)
			DisableScriptedObjects (4ms)
			BackupInstance (0ms)
			ReleaseScriptingObjects (0ms)
			CreateAndSetChildDomain (26ms)
		EndReloadAssembly (595ms)
			LoadAssemblies (94ms)
			RebuildTransferFunctionScriptingTraits (0ms)
			SetupTypeCache (197ms)
			ReleaseScriptCaches (1ms)
			RebuildScriptCaches (29ms)
			SetupLoadedEditorAssemblies (228ms)
				LogAssemblyErrors (0ms)
				InitializePlatformSupportModulesInManaged (4ms)
				SetLoadedEditorAssemblies (0ms)
				RefreshPlugins (0ms)
				BeforeProcessingInitializeOnLoad (63ms)
				ProcessInitializeOnLoadAttributes (142ms)
				ProcessInitializeOnLoadMethodAttributes (9ms)
				AfterProcessingInitializeOnLoad (10ms)
				EditorAssembliesLoaded (0ms)
			ExecutionOrderSort2 (0ms)
			AwakeInstancesAfterBackupRestoration (6ms)
Platform modules already initialized, skipping
Refreshing native plugins compatible for Editor in 0.39 ms, found 3 plugins.
Preloading 0 native plugins for Editor in 0.00 ms.
Unloading 2205 Unused Serialized files (Serialized files now loaded: 0)
System memory in use before: 113.3 MB.
System memory in use after: 113.4 MB.

Unloading 15 unused Assets to reduce memory usage. Loaded Objects now: 2712.
Total: 2.003600 ms (FindLiveObjects: 0.126800 ms CreateObjectMapping: 0.054200 ms MarkObjects: 1.806100 ms  DeleteObjects: 0.015200 ms)

AssetImportParameters requested are different than current active one (requested -> active):
  custom:framework-win-MediaFoundation: 216162199b28c13a410421893ffa2e32 -> 
  custom:video-decoder-ogg-theora: a1e56fd34408186e4bbccfd4996cb3dc -> 
  custom:container-muxer-webm: aa71ff27fc2769a1b78a27578f13a17b -> 
  custom:container-demuxer-webm: 4f35f7cbe854078d1ac9338744f61a02 -> 
  custom:container-demuxer-ogg: 62fdf1f143b41e24485cea50d1cbac27 -> 
  custom:video-encoder-webm-vp8: eb34c28f22e8b96e1ab97ce403110664 -> 
  custom:video-decoder-webm-vp8: 9c59270c3fd7afecdb556c50c9e8de78 -> 
  custom:audio-decoder-ogg-vorbis: bf7c407c2cedff20999df2af8eb42d56 -> 
  custom:audio-encoder-webm-vorbis: bf7c407c2cedff20999df2af8eb42d56 -> 
========================================================================
Received Import Request.
  Time since last request: 150.869594 seconds.
  path: Assets/Newtonsoft.Json.dll
  artifactKey: Guid(0a108ac52df3ce24f9a2c839bde2032e) Importer(815301076,1909f56bfc062723c751e8b465ee728b)
Start importing Assets/Newtonsoft.Json.dll using Guid(0a108ac52df3ce24f9a2c839bde2032e) Importer(815301076,1909f56bfc062723c751e8b465ee728b)  -> (artifact id: 'ba181e16615bb58e3e4d8d49c9a361db') in 0.016198 seconds 
========================================================================
Received Import Request.
  Time since last request: 2.119429 seconds.
  path: Assets/Scenes/SceneEnding.unity
  artifactKey: Guid(ce2e950abe894bb4ab9f5cd9320e6321) Importer(815301076,1909f56bfc062723c751e8b465ee728b)
Start importing Assets/Scenes/SceneEnding.unity using Guid(ce2e950abe894bb4ab9f5cd9320e6321) Importer(815301076,1909f56bfc062723c751e8b465ee728b)  -> (artifact id: '970ae9951a4c2acaa2aabe1531e2d633') in 0.002658 seconds 
========================================================================
Received Prepare
Registering precompiled user dll's ...
Registered in 0.003605 seconds.
Begin MonoManager ReloadAssembly
Native extension for WindowsStandalone target not found
Native extension for WebGL target not found
Refreshing native plugins compatible for Editor in 0.34 ms, found 3 plugins.
Preloading 0 native plugins for Editor in 0.00 ms.
Mono: successfully reloaded assembly
- Completed reload, in  0.667 seconds
Domain Reload Profiling:
	ReloadAssembly (668ms)
		BeginReloadAssembly (96ms)
			ExecutionOrderSort (0ms)
			DisableScriptedObjects (4ms)
			BackupInstance (0ms)
			ReleaseScriptingObjects (0ms)
			CreateAndSetChildDomain (21ms)
		EndReloadAssembly (526ms)
			LoadAssemblies (88ms)
			RebuildTransferFunctionScriptingTraits (0ms)
			SetupTypeCache (172ms)
			ReleaseScriptCaches (1ms)
			RebuildScriptCaches (26ms)
			SetupLoadedEditorAssemblies (201ms)
				LogAssemblyErrors (0ms)
				InitializePlatformSupportModulesInManaged (4ms)
				SetLoadedEditorAssemblies (0ms)
				RefreshPlugins (0ms)
				BeforeProcessingInitializeOnLoad (55ms)
				ProcessInitializeOnLoadAttributes (125ms)
				ProcessInitializeOnLoadMethodAttributes (7ms)
				AfterProcessingInitializeOnLoad (8ms)
				EditorAssembliesLoaded (0ms)
			ExecutionOrderSort2 (0ms)
			AwakeInstancesAfterBackupRestoration (6ms)
Platform modules already initialized, skipping
Refreshing native plugins compatible for Editor in 0.36 ms, found 3 plugins.
Preloading 0 native plugins for Editor in 0.00 ms.
Unloading 2205 Unused Serialized files (Serialized files now loaded: 0)
System memory in use before: 113.4 MB.
System memory in use after: 113.5 MB.

Unloading 15 unused Assets to reduce memory usage. Loaded Objects now: 2715.
Total: 1.918700 ms (FindLiveObjects: 0.116600 ms CreateObjectMapping: 0.041600 ms MarkObjects: 1.744500 ms  DeleteObjects: 0.015600 ms)

AssetImportParameters requested are different than current active one (requested -> active):
  custom:framework-win-MediaFoundation: 216162199b28c13a410421893ffa2e32 -> 
  custom:video-decoder-ogg-theora: a1e56fd34408186e4bbccfd4996cb3dc -> 
  custom:container-muxer-webm: aa71ff27fc2769a1b78a27578f13a17b -> 
  custom:container-demuxer-webm: 4f35f7cbe854078d1ac9338744f61a02 -> 
  custom:container-demuxer-ogg: 62fdf1f143b41e24485cea50d1cbac27 -> 
  custom:video-encoder-webm-vp8: eb34c28f22e8b96e1ab97ce403110664 -> 
  custom:video-decoder-webm-vp8: 9c59270c3fd7afecdb556c50c9e8de78 -> 
  custom:audio-decoder-ogg-vorbis: bf7c407c2cedff20999df2af8eb42d56 -> 
  custom:audio-encoder-webm-vorbis: bf7c407c2cedff20999df2af8eb42d56 -> 
========================================================================
Received Import Request.
  Time since last request: 86.696487 seconds.
  path: Assets/Scenes/SceneStory.unity
  artifactKey: Guid(1f3b9e8fbfde52747a5d4786a5118e6a) Importer(815301076,1909f56bfc062723c751e8b465ee728b)
Start importing Assets/Scenes/SceneStory.unity using Guid(1f3b9e8fbfde52747a5d4786a5118e6a) Importer(815301076,1909f56bfc062723c751e8b465ee728b)  -> (artifact id: '767d23f8c1845bc7f7321e442136cdf0') in 0.006014 seconds 
========================================================================
Received Import Request.
  Time since last request: 0.350616 seconds.
  path: Assets/Scenes/SceneHowToPlay.unity
  artifactKey: Guid(1ac919b34b398e740aa7c8aa8abf4216) Importer(815301076,1909f56bfc062723c751e8b465ee728b)
Start importing Assets/Scenes/SceneHowToPlay.unity using Guid(1ac919b34b398e740aa7c8aa8abf4216) Importer(815301076,1909f56bfc062723c751e8b465ee728b)  -> (artifact id: '1d3ef726482c86299d424e1de7ea8882') in 0.002528 seconds 
========================================================================
Received Prepare
Registering precompiled user dll's ...
Registered in 0.004251 seconds.
Begin MonoManager ReloadAssembly
Native extension for WindowsStandalone target not found
Native extension for WebGL target not found
Refreshing native plugins compatible for Editor in 0.33 ms, found 3 plugins.
Preloading 0 native plugins for Editor in 0.00 ms.
Mono: successfully reloaded assembly
- Completed reload, in  0.679 seconds
Domain Reload Profiling:
	ReloadAssembly (679ms)
		BeginReloadAssembly (99ms)
			ExecutionOrderSort (0ms)
			DisableScriptedObjects (4ms)
			BackupInstance (0ms)
			ReleaseScriptingObjects (0ms)
			CreateAndSetChildDomain (22ms)
		EndReloadAssembly (535ms)
			LoadAssemblies (89ms)
			RebuildTransferFunctionScriptingTraits (0ms)
			SetupTypeCache (173ms)
			ReleaseScriptCaches (1ms)
			RebuildScriptCaches (27ms)
			SetupLoadedEditorAssemblies (206ms)
				LogAssemblyErrors (0ms)
				InitializePlatformSupportModulesInManaged (4ms)
				SetLoadedEditorAssemblies (0ms)
				RefreshPlugins (0ms)
				BeforeProcessingInitializeOnLoad (58ms)
				ProcessInitializeOnLoadAttributes (125ms)
				ProcessInitializeOnLoadMethodAttributes (9ms)
				AfterProcessingInitializeOnLoad (9ms)
				EditorAssembliesLoaded (0ms)
			ExecutionOrderSort2 (0ms)
			AwakeInstancesAfterBackupRestoration (6ms)
Platform modules already initialized, skipping
Refreshing native plugins compatible for Editor in 0.38 ms, found 3 plugins.
Preloading 0 native plugins for Editor in 0.00 ms.
Unloading 2205 Unused Serialized files (Serialized files now loaded: 0)
System memory in use before: 113.4 MB.
System memory in use after: 113.5 MB.

Unloading 15 unused Assets to reduce memory usage. Loaded Objects now: 2718.
Total: 1.916700 ms (FindLiveObjects: 0.119800 ms CreateObjectMapping: 0.045700 ms MarkObjects: 1.737200 ms  DeleteObjects: 0.013400 ms)

AssetImportParameters requested are different than current active one (requested -> active):
  custom:framework-win-MediaFoundation: 216162199b28c13a410421893ffa2e32 -> 
  custom:video-decoder-ogg-theora: a1e56fd34408186e4bbccfd4996cb3dc -> 
  custom:container-muxer-webm: aa71ff27fc2769a1b78a27578f13a17b -> 
  custom:container-demuxer-webm: 4f35f7cbe854078d1ac9338744f61a02 -> 
  custom:container-demuxer-ogg: 62fdf1f143b41e24485cea50d1cbac27 -> 
  custom:video-encoder-webm-vp8: eb34c28f22e8b96e1ab97ce403110664 -> 
  custom:video-decoder-webm-vp8: 9c59270c3fd7afecdb556c50c9e8de78 -> 
  custom:audio-decoder-ogg-vorbis: bf7c407c2cedff20999df2af8eb42d56 -> 
  custom:audio-encoder-webm-vorbis: bf7c407c2cedff20999df2af8eb42d56 -> 
========================================================================
Received Import Request.
  Time since last request: 175.818581 seconds.
  path: Assets/prefabs/원숭이.prefab
  artifactKey: Guid(88256ac567f9cf84ab6158b63eb1d08e) Importer(815301076,1909f56bfc062723c751e8b465ee728b)
Start importing Assets/prefabs/원숭이.prefab using Guid(88256ac567f9cf84ab6158b63eb1d08e) Importer(815301076,1909f56bfc062723c751e8b465ee728b)  -> (artifact id: 'c62cf1f370d765f4a9b0ecd91eb82f32') in 0.044661 seconds 
========================================================================
Received Import Request.
  Time since last request: 53.802349 seconds.
  path: Assets/prefabs/해파리.prefab
  artifactKey: Guid(63a4c4713e5278f4e93c604cd40e5d26) Importer(815301076,1909f56bfc062723c751e8b465ee728b)
Start importing Assets/prefabs/해파리.prefab using Guid(63a4c4713e5278f4e93c604cd40e5d26) Importer(815301076,1909f56bfc062723c751e8b465ee728b)  -> (artifact id: '8965a092e851f165b99de07397731753') in 0.010312 seconds 
========================================================================
Received Import Request.
  Time since last request: 22.045672 seconds.
  path: Assets/prefabs/외계인.prefab
  artifactKey: Guid(8282a567b19930147bea8e50ac051429) Importer(815301076,1909f56bfc062723c751e8b465ee728b)
Start importing Assets/prefabs/외계인.prefab using Guid(8282a567b19930147bea8e50ac051429) Importer(815301076,1909f56bfc062723c751e8b465ee728b)  -> (artifact id: '95e171bcc5e95035bccb2f81f1e390ba') in 0.010511 seconds 
========================================================================
Received Import Request.
  Time since last request: 8.768830 seconds.
  path: Assets/prefabs/원숭이.prefab
  artifactKey: Guid(88256ac567f9cf84ab6158b63eb1d08e) Importer(815301076,1909f56bfc062723c751e8b465ee728b)
Start importing Assets/prefabs/원숭이.prefab using Guid(88256ac567f9cf84ab6158b63eb1d08e) Importer(815301076,1909f56bfc062723c751e8b465ee728b)  -> (artifact id: '25e6b8c649e94f5e9f1578da86421315') in 0.010413 seconds 
========================================================================
Received Import Request.
  Time since last request: 6.780144 seconds.
  path: Assets/prefabs/해파리.prefab
  artifactKey: Guid(63a4c4713e5278f4e93c604cd40e5d26) Importer(815301076,1909f56bfc062723c751e8b465ee728b)
Start importing Assets/prefabs/해파리.prefab using Guid(63a4c4713e5278f4e93c604cd40e5d26) Importer(815301076,1909f56bfc062723c751e8b465ee728b)  -> (artifact id: '5caa0b5acb66fd2b493bb68699731517') in 0.014723 seconds 
========================================================================
Received Import Request.
  Time since last request: 6.006282 seconds.
  path: Assets/prefabs/강아지.prefab
  artifactKey: Guid(ec3c71da8457d4545b5f484f1e8dedac) Importer(815301076,1909f56bfc062723c751e8b465ee728b)
Start importing Assets/prefabs/강아지.prefab using Guid(ec3c71da8457d4545b5f484f1e8dedac) Importer(815301076,1909f56bfc062723c751e8b465ee728b)  -> (artifact id: '7192edc41ec7f8a196f3ea05d8506429') in 0.012657 seconds 
========================================================================
Received Import Request.
  Time since last request: 59.818547 seconds.
  path: Assets/prefabs/게.prefab
  artifactKey: Guid(1470f6a1c21c3cc438d0fb90e3aa5c38) Importer(815301076,1909f56bfc062723c751e8b465ee728b)
Start importing Assets/prefabs/게.prefab using Guid(1470f6a1c21c3cc438d0fb90e3aa5c38) Importer(815301076,1909f56bfc062723c751e8b465ee728b)  -> (artifact id: '5ca534b0aa6853433fcda9fb54c9f544') in 0.012749 seconds 
========================================================================
Received Import Request.
  Time since last request: 273.250541 seconds.
  path: Assets/prefabs/뱀.prefab
  artifactKey: Guid(d40d96fd1d93a6b45be421e401ffac46) Importer(815301076,1909f56bfc062723c751e8b465ee728b)
Start importing Assets/prefabs/뱀.prefab using Guid(d40d96fd1d93a6b45be421e401ffac46) Importer(815301076,1909f56bfc062723c751e8b465ee728b)  -> (artifact id: 'b9f2725e04a9b0e88a109935d9c8b68d') in 0.011555 seconds 
========================================================================
Received Import Request.
  Time since last request: 2.618441 seconds.
  path: Assets/prefabs/양.prefab
  artifactKey: Guid(8d73d5aa75edc5d4fa202fb2c80c4429) Importer(815301076,1909f56bfc062723c751e8b465ee728b)
Start importing Assets/prefabs/양.prefab using Guid(8d73d5aa75edc5d4fa202fb2c80c4429) Importer(815301076,1909f56bfc062723c751e8b465ee728b)  -> (artifact id: '2eb0a08b4e504b201ea3cdfbf29d9b7b') in 0.011592 seconds 
========================================================================
Received Import Request.
  Time since last request: 2.695429 seconds.
  path: Assets/prefabs/물고기.prefab
  artifactKey: Guid(22896d80d18f584458042cbf7955b47f) Importer(815301076,1909f56bfc062723c751e8b465ee728b)
Start importing Assets/prefabs/물고기.prefab using Guid(22896d80d18f584458042cbf7955b47f) Importer(815301076,1909f56bfc062723c751e8b465ee728b)  -> (artifact id: '6ebb82ecd3767e3911289ae21bb03648') in 0.011591 seconds 
========================================================================
Received Prepare
Registering precompiled user dll's ...
Registered in 0.004218 seconds.
Begin MonoManager ReloadAssembly
Native extension for WindowsStandalone target not found
Native extension for WebGL target not found
Refreshing native plugins compatible for Editor in 0.33 ms, found 3 plugins.
Preloading 0 native plugins for Editor in 0.00 ms.
Mono: successfully reloaded assembly
- Completed reload, in  0.692 seconds
Domain Reload Profiling:
	ReloadAssembly (692ms)
		BeginReloadAssembly (104ms)
			ExecutionOrderSort (0ms)
			DisableScriptedObjects (5ms)
			BackupInstance (0ms)
			ReleaseScriptingObjects (0ms)
			CreateAndSetChildDomain (25ms)
		EndReloadAssembly (540ms)
			LoadAssemblies (91ms)
			RebuildTransferFunctionScriptingTraits (0ms)
			SetupTypeCache (176ms)
			ReleaseScriptCaches (1ms)
			RebuildScriptCaches (26ms)
			SetupLoadedEditorAssemblies (209ms)
				LogAssemblyErrors (0ms)
				InitializePlatformSupportModulesInManaged (4ms)
				SetLoadedEditorAssemblies (0ms)
				RefreshPlugins (0ms)
				BeforeProcessingInitializeOnLoad (56ms)
				ProcessInitializeOnLoadAttributes (131ms)
				ProcessInitializeOnLoadMethodAttributes (9ms)
				AfterProcessingInitializeOnLoad (8ms)
				EditorAssembliesLoaded (0ms)
			ExecutionOrderSort2 (0ms)
			AwakeInstancesAfterBackupRestoration (6ms)
Platform modules already initialized, skipping
Refreshing native plugins compatible for Editor in 0.34 ms, found 3 plugins.
Preloading 0 native plugins for Editor in 0.00 ms.
Unloading 2205 Unused Serialized files (Serialized files now loaded: 0)
System memory in use before: 113.4 MB.
System memory in use after: 113.6 MB.

Unloading 15 unused Assets to reduce memory usage. Loaded Objects now: 2722.
Total: 2.107000 ms (FindLiveObjects: 0.126700 ms CreateObjectMapping: 0.051200 ms MarkObjects: 1.910300 ms  DeleteObjects: 0.018400 ms)

AssetImportParameters requested are different than current active one (requested -> active):
  custom:framework-win-MediaFoundation: 216162199b28c13a410421893ffa2e32 -> 
  custom:video-decoder-ogg-theora: a1e56fd34408186e4bbccfd4996cb3dc -> 
  custom:container-muxer-webm: aa71ff27fc2769a1b78a27578f13a17b -> 
  custom:container-demuxer-webm: 4f35f7cbe854078d1ac9338744f61a02 -> 
  custom:container-demuxer-ogg: 62fdf1f143b41e24485cea50d1cbac27 -> 
  custom:video-encoder-webm-vp8: eb34c28f22e8b96e1ab97ce403110664 -> 
  custom:video-decoder-webm-vp8: 9c59270c3fd7afecdb556c50c9e8de78 -> 
  custom:audio-decoder-ogg-vorbis: bf7c407c2cedff20999df2af8eb42d56 -> 
  custom:audio-encoder-webm-vorbis: bf7c407c2cedff20999df2af8eb42d56 -> 
========================================================================
Received Prepare
Registering precompiled user dll's ...
Registered in 0.004237 seconds.
Begin MonoManager ReloadAssembly
Native extension for WindowsStandalone target not found
Native extension for WebGL target not found
Refreshing native plugins compatible for Editor in 0.37 ms, found 3 plugins.
Preloading 0 native plugins for Editor in 0.00 ms.
Mono: successfully reloaded assembly
- Completed reload, in  0.748 seconds
Domain Reload Profiling:
	ReloadAssembly (749ms)
		BeginReloadAssembly (105ms)
			ExecutionOrderSort (0ms)
			DisableScriptedObjects (4ms)
			BackupInstance (0ms)
			ReleaseScriptingObjects (0ms)
			CreateAndSetChildDomain (23ms)
		EndReloadAssembly (594ms)
			LoadAssemblies (95ms)
			RebuildTransferFunctionScriptingTraits (0ms)
			SetupTypeCache (197ms)
			ReleaseScriptCaches (1ms)
			RebuildScriptCaches (29ms)
			SetupLoadedEditorAssemblies (228ms)
				LogAssemblyErrors (0ms)
				InitializePlatformSupportModulesInManaged (4ms)
				SetLoadedEditorAssemblies (0ms)
				RefreshPlugins (0ms)
				BeforeProcessingInitializeOnLoad (64ms)
				ProcessInitializeOnLoadAttributes (140ms)
				ProcessInitializeOnLoadMethodAttributes (9ms)
				AfterProcessingInitializeOnLoad (9ms)
				EditorAssembliesLoaded (0ms)
			ExecutionOrderSort2 (0ms)
			AwakeInstancesAfterBackupRestoration (7ms)
Platform modules already initialized, skipping
Refreshing native plugins compatible for Editor in 0.37 ms, found 3 plugins.
Preloading 0 native plugins for Editor in 0.00 ms.
Unloading 2205 Unused Serialized files (Serialized files now loaded: 0)
System memory in use before: 113.4 MB.
System memory in use after: 113.7 MB.

Unloading 15 unused Assets to reduce memory usage. Loaded Objects now: 2725.
Total: 2.144900 ms (FindLiveObjects: 0.139000 ms CreateObjectMapping: 0.062600 ms MarkObjects: 1.923700 ms  DeleteObjects: 0.018800 ms)

AssetImportParameters requested are different than current active one (requested -> active):
  custom:framework-win-MediaFoundation: 216162199b28c13a410421893ffa2e32 -> 
  custom:video-decoder-ogg-theora: a1e56fd34408186e4bbccfd4996cb3dc -> 
  custom:container-muxer-webm: aa71ff27fc2769a1b78a27578f13a17b -> 
  custom:container-demuxer-webm: 4f35f7cbe854078d1ac9338744f61a02 -> 
  custom:container-demuxer-ogg: 62fdf1f143b41e24485cea50d1cbac27 -> 
  custom:video-encoder-webm-vp8: eb34c28f22e8b96e1ab97ce403110664 -> 
  custom:video-decoder-webm-vp8: 9c59270c3fd7afecdb556c50c9e8de78 -> 
  custom:audio-decoder-ogg-vorbis: bf7c407c2cedff20999df2af8eb42d56 -> 
  custom:audio-encoder-webm-vorbis: bf7c407c2cedff20999df2af8eb42d56 -> 
========================================================================
Received Prepare
Registering precompiled user dll's ...
Registered in 0.006246 seconds.
Begin MonoManager ReloadAssembly
Native extension for WindowsStandalone target not found
Native extension for WebGL target not found
Refreshing native plugins compatible for Editor in 0.38 ms, found 3 plugins.
Preloading 0 native plugins for Editor in 0.00 ms.
Mono: successfully reloaded assembly
- Completed reload, in  0.700 seconds
Domain Reload Profiling:
	ReloadAssembly (700ms)
		BeginReloadAssembly (113ms)
			ExecutionOrderSort (0ms)
			DisableScriptedObjects (4ms)
			BackupInstance (0ms)
			ReleaseScriptingObjects (0ms)
			CreateAndSetChildDomain (21ms)
		EndReloadAssembly (540ms)
			LoadAssemblies (112ms)
			RebuildTransferFunctionScriptingTraits (0ms)
			SetupTypeCache (183ms)
			ReleaseScriptCaches (1ms)
			RebuildScriptCaches (25ms)
			SetupLoadedEditorAssemblies (199ms)
				LogAssemblyErrors (0ms)
				InitializePlatformSupportModulesInManaged (4ms)
				SetLoadedEditorAssemblies (0ms)
				RefreshPlugins (0ms)
				BeforeProcessingInitializeOnLoad (55ms)
				ProcessInitializeOnLoadAttributes (123ms)
				ProcessInitializeOnLoadMethodAttributes (8ms)
				AfterProcessingInitializeOnLoad (9ms)
				EditorAssembliesLoaded (0ms)
			ExecutionOrderSort2 (0ms)
			AwakeInstancesAfterBackupRestoration (5ms)
Platform modules already initialized, skipping
Refreshing native plugins compatible for Editor in 0.37 ms, found 3 plugins.
Preloading 0 native plugins for Editor in 0.00 ms.
Unloading 2205 Unused Serialized files (Serialized files now loaded: 0)
System memory in use before: 113.4 MB.
System memory in use after: 113.7 MB.

Unloading 15 unused Assets to reduce memory usage. Loaded Objects now: 2728.
Total: 1.926400 ms (FindLiveObjects: 0.118500 ms CreateObjectMapping: 0.050100 ms MarkObjects: 1.718000 ms  DeleteObjects: 0.039100 ms)

AssetImportParameters requested are different than current active one (requested -> active):
  custom:framework-win-MediaFoundation: 216162199b28c13a410421893ffa2e32 -> 
  custom:video-decoder-ogg-theora: a1e56fd34408186e4bbccfd4996cb3dc -> 
  custom:container-muxer-webm: aa71ff27fc2769a1b78a27578f13a17b -> 
  custom:container-demuxer-webm: 4f35f7cbe854078d1ac9338744f61a02 -> 
  custom:container-demuxer-ogg: 62fdf1f143b41e24485cea50d1cbac27 -> 
  custom:video-encoder-webm-vp8: eb34c28f22e8b96e1ab97ce403110664 -> 
  custom:video-decoder-webm-vp8: 9c59270c3fd7afecdb556c50c9e8de78 -> 
  custom:audio-decoder-ogg-vorbis: bf7c407c2cedff20999df2af8eb42d56 -> 
  custom:audio-encoder-webm-vorbis: bf7c407c2cedff20999df2af8eb42d56 -> 
========================================================================
Received Prepare
Registering precompiled user dll's ...
Registered in 0.003925 seconds.
Begin MonoManager ReloadAssembly
Native extension for WindowsStandalone target not found
Native extension for WebGL target not found
Refreshing native plugins compatible for Editor in 0.52 ms, found 3 plugins.
Preloading 0 native plugins for Editor in 0.00 ms.
Mono: successfully reloaded assembly
- Completed reload, in  0.696 seconds
Domain Reload Profiling:
	ReloadAssembly (697ms)
		BeginReloadAssembly (107ms)
			ExecutionOrderSort (0ms)
			DisableScriptedObjects (4ms)
			BackupInstance (0ms)
			ReleaseScriptingObjects (0ms)
			CreateAndSetChildDomain (21ms)
		EndReloadAssembly (545ms)
			LoadAssemblies (95ms)
			RebuildTransferFunctionScriptingTraits (0ms)
			SetupTypeCache (182ms)
			ReleaseScriptCaches (1ms)
			RebuildScriptCaches (25ms)
			SetupLoadedEditorAssemblies (214ms)
				LogAssemblyErrors (0ms)
				InitializePlatformSupportModulesInManaged (6ms)
				SetLoadedEditorAssemblies (0ms)
				RefreshPlugins (1ms)
				BeforeProcessingInitializeOnLoad (66ms)
				ProcessInitializeOnLoadAttributes (125ms)
				ProcessInitializeOnLoadMethodAttributes (7ms)
				AfterProcessingInitializeOnLoad (8ms)
				EditorAssembliesLoaded (0ms)
			ExecutionOrderSort2 (0ms)
			AwakeInstancesAfterBackupRestoration (5ms)
Platform modules already initialized, skipping
Refreshing native plugins compatible for Editor in 0.41 ms, found 3 plugins.
Preloading 0 native plugins for Editor in 0.00 ms.
Unloading 2205 Unused Serialized files (Serialized files now loaded: 0)
System memory in use before: 113.4 MB.
System memory in use after: 113.7 MB.

Unloading 15 unused Assets to reduce memory usage. Loaded Objects now: 2731.
Total: 2.003400 ms (FindLiveObjects: 0.121200 ms CreateObjectMapping: 0.051000 ms MarkObjects: 1.816100 ms  DeleteObjects: 0.014600 ms)

AssetImportParameters requested are different than current active one (requested -> active):
  custom:framework-win-MediaFoundation: 216162199b28c13a410421893ffa2e32 -> 
  custom:video-decoder-ogg-theora: a1e56fd34408186e4bbccfd4996cb3dc -> 
  custom:container-muxer-webm: aa71ff27fc2769a1b78a27578f13a17b -> 
  custom:container-demuxer-webm: 4f35f7cbe854078d1ac9338744f61a02 -> 
  custom:container-demuxer-ogg: 62fdf1f143b41e24485cea50d1cbac27 -> 
  custom:video-encoder-webm-vp8: eb34c28f22e8b96e1ab97ce403110664 -> 
  custom:video-decoder-webm-vp8: 9c59270c3fd7afecdb556c50c9e8de78 -> 
  custom:audio-decoder-ogg-vorbis: bf7c407c2cedff20999df2af8eb42d56 -> 
  custom:audio-encoder-webm-vorbis: bf7c407c2cedff20999df2af8eb42d56 -> 
========================================================================
Received Prepare
Registering precompiled user dll's ...
Registered in 0.004406 seconds.
Begin MonoManager ReloadAssembly
Native extension for WindowsStandalone target not found
Native extension for WebGL target not found
Refreshing native plugins compatible for Editor in 0.35 ms, found 3 plugins.
Preloading 0 native plugins for Editor in 0.00 ms.
Mono: successfully reloaded assembly
- Completed reload, in  0.754 seconds
Domain Reload Profiling:
	ReloadAssembly (754ms)
		BeginReloadAssembly (105ms)
			ExecutionOrderSort (0ms)
			DisableScriptedObjects (4ms)
			BackupInstance (0ms)
			ReleaseScriptingObjects (0ms)
			CreateAndSetChildDomain (23ms)
		EndReloadAssembly (598ms)
			LoadAssemblies (97ms)
			RebuildTransferFunctionScriptingTraits (0ms)
			SetupTypeCache (197ms)
			ReleaseScriptCaches (1ms)
			RebuildScriptCaches (28ms)
			SetupLoadedEditorAssemblies (229ms)
				LogAssemblyErrors (0ms)
				InitializePlatformSupportModulesInManaged (5ms)
				SetLoadedEditorAssemblies (0ms)
				RefreshPlugins (0ms)
				BeforeProcessingInitializeOnLoad (63ms)
				ProcessInitializeOnLoadAttributes (142ms)
				ProcessInitializeOnLoadMethodAttributes (8ms)
				AfterProcessingInitializeOnLoad (10ms)
				EditorAssembliesLoaded (0ms)
			ExecutionOrderSort2 (0ms)
			AwakeInstancesAfterBackupRestoration (6ms)
Platform modules already initialized, skipping
Refreshing native plugins compatible for Editor in 0.36 ms, found 3 plugins.
Preloading 0 native plugins for Editor in 0.00 ms.
Unloading 2205 Unused Serialized files (Serialized files now loaded: 0)
System memory in use before: 113.5 MB.
System memory in use after: 113.7 MB.

Unloading 15 unused Assets to reduce memory usage. Loaded Objects now: 2734.
Total: 2.105400 ms (FindLiveObjects: 0.189200 ms CreateObjectMapping: 0.062900 ms MarkObjects: 1.834200 ms  DeleteObjects: 0.017900 ms)

AssetImportParameters requested are different than current active one (requested -> active):
  custom:framework-win-MediaFoundation: 216162199b28c13a410421893ffa2e32 -> 
  custom:video-decoder-ogg-theora: a1e56fd34408186e4bbccfd4996cb3dc -> 
  custom:container-muxer-webm: aa71ff27fc2769a1b78a27578f13a17b -> 
  custom:container-demuxer-webm: 4f35f7cbe854078d1ac9338744f61a02 -> 
  custom:container-demuxer-ogg: 62fdf1f143b41e24485cea50d1cbac27 -> 
  custom:video-encoder-webm-vp8: eb34c28f22e8b96e1ab97ce403110664 -> 
  custom:video-decoder-webm-vp8: 9c59270c3fd7afecdb556c50c9e8de78 -> 
  custom:audio-decoder-ogg-vorbis: bf7c407c2cedff20999df2af8eb42d56 -> 
  custom:audio-encoder-webm-vorbis: bf7c407c2cedff20999df2af8eb42d56 -> 
========================================================================
Received Prepare
Registering precompiled user dll's ...
Registered in 0.003632 seconds.
Begin MonoManager ReloadAssembly
Native extension for WindowsStandalone target not found
Native extension for WebGL target not found
Refreshing native plugins compatible for Editor in 0.33 ms, found 3 plugins.
Preloading 0 native plugins for Editor in 0.00 ms.
Mono: successfully reloaded assembly
- Completed reload, in  0.665 seconds
Domain Reload Profiling:
	ReloadAssembly (665ms)
		BeginReloadAssembly (97ms)
			ExecutionOrderSort (0ms)
			DisableScriptedObjects (4ms)
			BackupInstance (0ms)
			ReleaseScriptingObjects (0ms)
			CreateAndSetChildDomain (23ms)
		EndReloadAssembly (525ms)
			LoadAssemblies (83ms)
			RebuildTransferFunctionScriptingTraits (0ms)
			SetupTypeCache (167ms)
			ReleaseScriptCaches (1ms)
			RebuildScriptCaches (26ms)
			SetupLoadedEditorAssemblies (209ms)
				LogAssemblyErrors (0ms)
				InitializePlatformSupportModulesInManaged (4ms)
				SetLoadedEditorAssemblies (0ms)
				RefreshPlugins (0ms)
				BeforeProcessingInitializeOnLoad (56ms)
				ProcessInitializeOnLoadAttributes (130ms)
				ProcessInitializeOnLoadMethodAttributes (8ms)
				AfterProcessingInitializeOnLoad (9ms)
				EditorAssembliesLoaded (0ms)
			ExecutionOrderSort2 (0ms)
			AwakeInstancesAfterBackupRestoration (6ms)
Platform modules already initialized, skipping
Refreshing native plugins compatible for Editor in 0.35 ms, found 3 plugins.
Preloading 0 native plugins for Editor in 0.00 ms.
Unloading 2205 Unused Serialized files (Serialized files now loaded: 0)
System memory in use before: 113.5 MB.
System memory in use after: 113.7 MB.

Unloading 15 unused Assets to reduce memory usage. Loaded Objects now: 2737.
Total: 2.039500 ms (FindLiveObjects: 0.125500 ms CreateObjectMapping: 0.051000 ms MarkObjects: 1.848200 ms  DeleteObjects: 0.014200 ms)

AssetImportParameters requested are different than current active one (requested -> active):
  custom:framework-win-MediaFoundation: 216162199b28c13a410421893ffa2e32 -> 
  custom:video-decoder-ogg-theora: a1e56fd34408186e4bbccfd4996cb3dc -> 
  custom:container-muxer-webm: aa71ff27fc2769a1b78a27578f13a17b -> 
  custom:container-demuxer-webm: 4f35f7cbe854078d1ac9338744f61a02 -> 
  custom:container-demuxer-ogg: 62fdf1f143b41e24485cea50d1cbac27 -> 
  custom:video-encoder-webm-vp8: eb34c28f22e8b96e1ab97ce403110664 -> 
  custom:video-decoder-webm-vp8: 9c59270c3fd7afecdb556c50c9e8de78 -> 
  custom:audio-decoder-ogg-vorbis: bf7c407c2cedff20999df2af8eb42d56 -> 
  custom:audio-encoder-webm-vorbis: bf7c407c2cedff20999df2af8eb42d56 -> 
AssetImportWorkerClient::OnTransportError - code=2 error=End of file
